19-08-2019 18:28:56.294 [main] INFO  c.l.l.LearnCamelSpringBootApplication.logStarting - Starting LearnCamelSpringBootApplication on amy-VirtualBox with PID 9157 (/home/amy/IdeaProjects/learncamel-spring-boot/out/production/classes started by amy in /home/amy/IdeaProjects/learncamel-spring-boot)
19-08-2019 18:28:56.325 [main] INFO  c.l.l.LearnCamelSpringBootApplication.logStartupProfileInfo - The following profiles are active: dev
19-08-2019 18:29:01.087 [main] INFO  c.u.j.c.EnableEncryptablePropertiesBeanFactoryPostProcessor.postProcessBeanFactory - Post-processing PropertySource instances
19-08-2019 18:29:01.315 [main] INFO  c.u.j.EncryptablePropertySourceConverter.makeEncryptable - Converting PropertySource configurationProperties [org.springframework.boot.context.properties.source.ConfigurationPropertySourcesPropertySource] to AOP Proxy
19-08-2019 18:29:01.324 [main] INFO  c.u.j.EncryptablePropertySourceConverter.makeEncryptable - Converting PropertySource servletConfigInitParams [org.springframework.core.env.PropertySource$StubPropertySource] to EncryptablePropertySourceWrapper
19-08-2019 18:29:01.324 [main] INFO  c.u.j.EncryptablePropertySourceConverter.makeEncryptable - Converting PropertySource servletContextInitParams [org.springframework.core.env.PropertySource$StubPropertySource] to EncryptablePropertySourceWrapper
19-08-2019 18:29:01.327 [main] INFO  c.u.j.EncryptablePropertySourceConverter.makeEncryptable - Converting PropertySource systemProperties [org.springframework.core.env.PropertiesPropertySource] to EncryptableMapPropertySourceWrapper
19-08-2019 18:29:01.331 [main] INFO  c.u.j.EncryptablePropertySourceConverter.makeEncryptable - Converting PropertySource systemEnvironment [org.springframework.boot.env.SystemEnvironmentPropertySourceEnvironmentPostProcessor$OriginAwareSystemEnvironmentPropertySource] to EncryptableMapPropertySourceWrapper
19-08-2019 18:29:01.332 [main] INFO  c.u.j.EncryptablePropertySourceConverter.makeEncryptable - Converting PropertySource random [org.springframework.boot.env.RandomValuePropertySource] to EncryptablePropertySourceWrapper
19-08-2019 18:29:01.332 [main] INFO  c.u.j.EncryptablePropertySourceConverter.makeEncryptable - Converting PropertySource applicationConfig: [classpath:/application.yml] (document #1) [org.springframework.boot.env.OriginTrackedMapPropertySource] to EncryptableMapPropertySourceWrapper
19-08-2019 18:29:01.334 [main] INFO  c.u.j.EncryptablePropertySourceConverter.makeEncryptable - Converting PropertySource applicationConfig: [classpath:/application.yml] (document #4) [org.springframework.boot.env.OriginTrackedMapPropertySource] to EncryptableMapPropertySourceWrapper
19-08-2019 18:29:01.335 [main] INFO  c.u.j.EncryptablePropertySourceConverter.makeEncryptable - Converting PropertySource applicationConfig: [classpath:/application.yml] (document #0) [org.springframework.boot.env.OriginTrackedMapPropertySource] to EncryptableMapPropertySourceWrapper
19-08-2019 18:29:01.440 [main] INFO  c.u.j.f.DefaultLazyPropertyFilter.lambda$null$2 - Property Filter custom Bean not found with name 'encryptablePropertyFilter'. Initializing Default Property Filter
19-08-2019 18:29:01.537 [main] INFO  o.s.c.s.PostProcessorRegistrationDelegate$BeanPostProcessorChecker.postProcessAfterInitialization - Bean 'org.apache.camel.spring.boot.CamelAutoConfiguration' of type [org.apache.camel.spring.boot.CamelAutoConfiguration$$EnhancerBySpringCGLIB$$6f559639] is not eligible for getting processed by all BeanPostProcessors (for example: not eligible for auto-proxying)
19-08-2019 18:29:01.630 [main] INFO  o.s.c.s.PostProcessorRegistrationDelegate$BeanPostProcessorChecker.postProcessAfterInitialization - Bean 'org.springframework.transaction.annotation.ProxyTransactionManagementConfiguration' of type [org.springframework.transaction.annotation.ProxyTransactionManagementConfiguration$$EnhancerBySpringCGLIB$$4d2bd01a] is not eligible for getting processed by all BeanPostProcessors (for example: not eligible for auto-proxying)
19-08-2019 18:29:04.233 [main] INFO  o.s.b.w.e.tomcat.TomcatWebServer.initialize - Tomcat initialized with port(s): 8080 (http)
19-08-2019 18:29:04.356 [main] INFO  o.a.coyote.http11.Http11NioProtocol.log - Initializing ProtocolHandler ["http-nio-8080"]
19-08-2019 18:29:05.959 [main] INFO  o.a.catalina.core.StandardService.log - Starting service [Tomcat]
19-08-2019 18:29:06.015 [main] INFO  o.a.catalina.core.StandardEngine.log - Starting Servlet engine: [Apache Tomcat/9.0.21]
19-08-2019 18:29:06.685 [main] INFO  o.a.c.c.C.[Tomcat].[localhost].[/].log - Initializing Spring embedded WebApplicationContext
19-08-2019 18:29:06.685 [main] INFO  o.s.web.context.ContextLoader.prepareWebApplicationContext - Root WebApplicationContext: initialization completed in 10184 ms
19-08-2019 18:29:07.557 [main] INFO  o.a.c.i.c.DefaultTypeConverter.doStart - Type converters loaded (core: 195, classpath: 10)
19-08-2019 18:29:07.876 [main] INFO  c.u.j.r.DefaultLazyPropertyResolver.lambda$null$2 - Property Resolver custom Bean not found with name 'encryptablePropertyResolver'. Initializing Default Property Resolver
19-08-2019 18:29:07.884 [main] INFO  c.u.j.d.DefaultLazyPropertyDetector.lambda$null$2 - Property Detector custom Bean not found with name 'encryptablePropertyDetector'. Initializing Default Property Detector
19-08-2019 18:29:08.013 [main] INFO  c.u.j.encryptor.DefaultLazyEncryptor.lambda$null$2 - String Encryptor custom Bean not found with name 'jasyptStringEncryptor'. Initializing Default String Encryptor
19-08-2019 18:29:08.029 [main] INFO  c.u.j.encryptor.DefaultLazyEncryptor.getProperty - Encryptor config not found for property jasypt.encryptor.algorithm, using default value: PBEWithMD5AndDES
19-08-2019 18:29:08.032 [main] INFO  c.u.j.encryptor.DefaultLazyEncryptor.getProperty - Encryptor config not found for property jasypt.encryptor.keyObtentionIterations, using default value: 1000
19-08-2019 18:29:08.033 [main] INFO  c.u.j.encryptor.DefaultLazyEncryptor.getProperty - Encryptor config not found for property jasypt.encryptor.poolSize, using default value: 1
19-08-2019 18:29:08.035 [main] INFO  c.u.j.encryptor.DefaultLazyEncryptor.getProperty - Encryptor config not found for property jasypt.encryptor.providerName, using default value: null
19-08-2019 18:29:08.038 [main] INFO  c.u.j.encryptor.DefaultLazyEncryptor.getProperty - Encryptor config not found for property jasypt.encryptor.providerClassName, using default value: null
19-08-2019 18:29:08.039 [main] INFO  c.u.j.encryptor.DefaultLazyEncryptor.getProperty - Encryptor config not found for property jasypt.encryptor.saltGeneratorClassname, using default value: org.jasypt.salt.RandomSaltGenerator
19-08-2019 18:29:08.042 [main] INFO  c.u.j.encryptor.DefaultLazyEncryptor.getProperty - Encryptor config not found for property jasypt.encryptor.ivGeneratorClassname, using default value: org.jasypt.salt.NoOpIVGenerator
19-08-2019 18:29:08.046 [main] INFO  c.u.j.encryptor.DefaultLazyEncryptor.getProperty - Encryptor config not found for property jasypt.encryptor.stringOutputType, using default value: base64
19-08-2019 18:29:09.306 [main] INFO  o.s.s.c.ThreadPoolTaskExecutor.initialize - Initializing ExecutorService 'applicationTaskExecutor'
19-08-2019 18:29:10.684 [main] INFO  o.s.b.a.e.web.EndpointLinksResolver.<init> - Exposing 2 endpoint(s) beneath base path '/actuator'
19-08-2019 18:29:11.086 [main] INFO  c.l.l.route.SimpleCamelRoute.configure - Starting the Camel Route
19-08-2019 18:29:11.238 [main] INFO  c.l.l.route.SimpleCamelRoute.configure - Ending the Camel Route
19-08-2019 18:29:11.239 [main] INFO  o.a.c.spring.boot.RoutesCollector.loadXmlRoutes - Loading additional Camel XML routes from: classpath:camel/*.xml
19-08-2019 18:29:11.240 [main] INFO  o.a.c.spring.boot.RoutesCollector.loadXmlRests - Loading additional Camel XML rests from: classpath:camel-rest/*.xml
19-08-2019 18:29:11.241 [main] INFO  o.a.camel.spring.SpringCamelContext.start - Apache Camel 2.24.0 (CamelContext: camel-1) is starting
19-08-2019 18:29:11.241 [main] INFO  o.a.c.m.ManagedManagementStrategy.doStart - JMX is enabled
19-08-2019 18:29:11.937 [main] INFO  o.a.camel.spring.SpringCamelContext.doStartCamel - StreamCaching is not in use. If using streams then its recommended to enable stream caching. See more details at http://camel.apache.org/stream-caching.html
19-08-2019 18:29:12.335 [main] INFO  o.a.camel.spring.SpringCamelContext.doStartOrResumeRouteConsumers - Route: route1 started and consuming from: timer://hello?period=10s
19-08-2019 18:29:12.342 [main] INFO  o.a.camel.spring.SpringCamelContext.start - Total 1 routes, of which 1 are started
19-08-2019 18:29:12.355 [main] INFO  o.a.camel.spring.SpringCamelContext.start - Apache Camel 2.24.0 (CamelContext: camel-1) started in 1.102 seconds
19-08-2019 18:29:12.415 [main] INFO  o.a.coyote.http11.Http11NioProtocol.log - Starting ProtocolHandler ["http-nio-8080"]
19-08-2019 18:29:12.507 [main] INFO  o.s.b.w.e.tomcat.TomcatWebServer.start - Tomcat started on port(s): 8080 (http) with context path ''
19-08-2019 18:29:12.517 [main] INFO  c.l.l.LearnCamelSpringBootApplication.logStarted - Started LearnCamelSpringBootApplication in 17.926 seconds (JVM running for 22.148)
19-08-2019 18:29:13.245 [http-nio-8080-exec-1] INFO  o.a.c.c.C.[Tomcat].[localhost].[/].log - Initializing Spring DispatcherServlet 'dispatcherServlet'
19-08-2019 18:29:13.246 [http-nio-8080-exec-1] INFO  o.s.web.servlet.DispatcherServlet.initServletBean - Initializing Servlet 'dispatcherServlet'
19-08-2019 18:29:13.271 [http-nio-8080-exec-1] INFO  o.s.web.servlet.DispatcherServlet.initServletBean - Completed initialization in 25 ms
19-08-2019 18:29:13.349 [Camel (camel-1) thread #1 - timer://hello] INFO  route1.log - Timer Invoked and the body is  DEV Environment
19-08-2019 18:29:13.377 [Camel (camel-1) thread #1 - timer://hello] INFO  route1.log - PollEnrich: non-mock env flow and the body is 
19-08-2019 18:29:18.945 [http-nio-8080-exec-3] INFO  com.zaxxer.hikari.HikariDataSource.getConnection - HikariPool-1 - Starting...
19-08-2019 18:29:19.504 [http-nio-8080-exec-3] INFO  com.zaxxer.hikari.HikariDataSource.getConnection - HikariPool-1 - Start completed.
19-08-2019 18:30:17.703 [Thread-3] INFO  o.a.camel.spring.SpringCamelContext.doStop - Apache Camel 2.24.0 (CamelContext: camel-1) is shutting down
19-08-2019 18:30:17.704 [Thread-3] INFO  o.a.c.impl.DefaultShutdownStrategy.doShutdown - Starting to graceful shutdown 1 routes (timeout 2 seconds)
19-08-2019 18:30:17.707 [Camel (camel-1) thread #2 - ShutdownTask] INFO  o.a.c.impl.DefaultShutdownStrategy.run - Waiting as there are still 1 inflight and pending exchanges to complete, timeout in 2 seconds. Inflights per route: [route1 = 1]
19-08-2019 18:30:17.708 [Camel (camel-1) thread #2 - ShutdownTask] INFO  o.a.c.impl.DefaultShutdownStrategy.logInflightExchanges - There are 1 inflight exchanges:
	InflightExchange: [exchangeId=ID-amy-VirtualBox-1566196147210-0-1, fromRouteId=route1, routeId=route1, nodeId=pollEnrich1, elapsed=0, duration=64362]
19-08-2019 18:30:18.709 [Camel (camel-1) thread #2 - ShutdownTask] INFO  o.a.c.impl.DefaultShutdownStrategy.run - Waiting as there are still 1 inflight and pending exchanges to complete, timeout in 1 seconds. Inflights per route: [route1 = 1]
19-08-2019 18:30:18.709 [Camel (camel-1) thread #2 - ShutdownTask] INFO  o.a.c.impl.DefaultShutdownStrategy.logInflightExchanges - There are 1 inflight exchanges:
	InflightExchange: [exchangeId=ID-amy-VirtualBox-1566196147210-0-1, fromRouteId=route1, routeId=route1, nodeId=pollEnrich1, elapsed=0, duration=65363]
19-08-2019 18:30:19.706 [Thread-3] WARN  o.a.c.impl.DefaultShutdownStrategy.doShutdown - Timeout occurred during graceful shutdown. Forcing the routes to be shutdown now. Notice: some resources may still be running as graceful shutdown did not complete successfully.
19-08-2019 18:30:19.708 [Camel (camel-1) thread #2 - ShutdownTask] WARN  o.a.c.impl.DefaultShutdownStrategy.run - Interrupted while waiting during graceful shutdown, will force shutdown now.
19-08-2019 18:30:19.709 [Thread-3] INFO  o.a.c.impl.DefaultShutdownStrategy.logInflightExchanges - There are 1 inflight exchanges:
	InflightExchange: [exchangeId=ID-amy-VirtualBox-1566196147210-0-1, fromRouteId=route1, routeId=route1, nodeId=pollEnrich1, elapsed=0, duration=66363]
19-08-2019 18:30:19.717 [Thread-3] INFO  o.a.c.impl.DefaultShutdownStrategy.doShutdown - Graceful shutdown of 1 routes completed in 2 seconds
19-08-2019 18:30:19.738 [Camel (camel-1) thread #2 - ShutdownTask] INFO  o.a.c.impl.DefaultShutdownStrategy.run - Route: route1 shutdown complete, was consuming from: timer://hello?period=10s
19-08-2019 18:30:19.746 [Thread-3] WARN  o.a.c.impl.DefaultInflightRepository.doStop - Shutting down while there are still 1 inflight exchanges.
19-08-2019 18:30:19.753 [Thread-3] INFO  o.a.camel.spring.SpringCamelContext.doStop - Apache Camel 2.24.0 (CamelContext: camel-1) uptime 1 minute
19-08-2019 18:30:19.753 [Thread-3] INFO  o.a.camel.spring.SpringCamelContext.doStop - Apache Camel 2.24.0 (CamelContext: camel-1) is shutdown in 2.050 seconds
19-08-2019 18:30:19.761 [Thread-3] INFO  o.s.s.c.ThreadPoolTaskExecutor.shutdown - Shutting down ExecutorService 'applicationTaskExecutor'
19-08-2019 18:30:19.768 [Thread-3] INFO  com.zaxxer.hikari.HikariDataSource.close - HikariPool-1 - Shutdown initiated...
19-08-2019 18:30:19.809 [Thread-3] INFO  com.zaxxer.hikari.HikariDataSource.close - HikariPool-1 - Shutdown completed.
19-08-2019 18:30:28.497 [main] INFO  c.l.l.LearnCamelSpringBootApplication.logStarting - Starting LearnCamelSpringBootApplication on amy-VirtualBox with PID 9662 (/home/amy/IdeaProjects/learncamel-spring-boot/out/production/classes started by amy in /home/amy/IdeaProjects/learncamel-spring-boot)
19-08-2019 18:30:28.524 [main] INFO  c.l.l.LearnCamelSpringBootApplication.logStartupProfileInfo - The following profiles are active: dev
19-08-2019 18:30:34.250 [main] INFO  c.u.j.c.EnableEncryptablePropertiesBeanFactoryPostProcessor.postProcessBeanFactory - Post-processing PropertySource instances
19-08-2019 18:30:34.474 [main] INFO  c.u.j.EncryptablePropertySourceConverter.makeEncryptable - Converting PropertySource configurationProperties [org.springframework.boot.context.properties.source.ConfigurationPropertySourcesPropertySource] to AOP Proxy
19-08-2019 18:30:34.497 [main] INFO  c.u.j.EncryptablePropertySourceConverter.makeEncryptable - Converting PropertySource servletConfigInitParams [org.springframework.core.env.PropertySource$StubPropertySource] to EncryptablePropertySourceWrapper
19-08-2019 18:30:34.497 [main] INFO  c.u.j.EncryptablePropertySourceConverter.makeEncryptable - Converting PropertySource servletContextInitParams [org.springframework.core.env.PropertySource$StubPropertySource] to EncryptablePropertySourceWrapper
19-08-2019 18:30:34.505 [main] INFO  c.u.j.EncryptablePropertySourceConverter.makeEncryptable - Converting PropertySource systemProperties [org.springframework.core.env.PropertiesPropertySource] to EncryptableMapPropertySourceWrapper
19-08-2019 18:30:34.505 [main] INFO  c.u.j.EncryptablePropertySourceConverter.makeEncryptable - Converting PropertySource systemEnvironment [org.springframework.boot.env.SystemEnvironmentPropertySourceEnvironmentPostProcessor$OriginAwareSystemEnvironmentPropertySource] to EncryptableMapPropertySourceWrapper
19-08-2019 18:30:34.505 [main] INFO  c.u.j.EncryptablePropertySourceConverter.makeEncryptable - Converting PropertySource random [org.springframework.boot.env.RandomValuePropertySource] to EncryptablePropertySourceWrapper
19-08-2019 18:30:34.506 [main] INFO  c.u.j.EncryptablePropertySourceConverter.makeEncryptable - Converting PropertySource applicationConfig: [classpath:/application.yml] (document #1) [org.springframework.boot.env.OriginTrackedMapPropertySource] to EncryptableMapPropertySourceWrapper
19-08-2019 18:30:34.509 [main] INFO  c.u.j.EncryptablePropertySourceConverter.makeEncryptable - Converting PropertySource applicationConfig: [classpath:/application.yml] (document #4) [org.springframework.boot.env.OriginTrackedMapPropertySource] to EncryptableMapPropertySourceWrapper
19-08-2019 18:30:34.510 [main] INFO  c.u.j.EncryptablePropertySourceConverter.makeEncryptable - Converting PropertySource applicationConfig: [classpath:/application.yml] (document #0) [org.springframework.boot.env.OriginTrackedMapPropertySource] to EncryptableMapPropertySourceWrapper
19-08-2019 18:30:34.703 [main] INFO  c.u.j.f.DefaultLazyPropertyFilter.lambda$null$2 - Property Filter custom Bean not found with name 'encryptablePropertyFilter'. Initializing Default Property Filter
19-08-2019 18:30:34.855 [main] INFO  o.s.c.s.PostProcessorRegistrationDelegate$BeanPostProcessorChecker.postProcessAfterInitialization - Bean 'org.apache.camel.spring.boot.CamelAutoConfiguration' of type [org.apache.camel.spring.boot.CamelAutoConfiguration$$EnhancerBySpringCGLIB$$28440cd8] is not eligible for getting processed by all BeanPostProcessors (for example: not eligible for auto-proxying)
19-08-2019 18:30:34.894 [main] INFO  o.s.c.s.PostProcessorRegistrationDelegate$BeanPostProcessorChecker.postProcessAfterInitialization - Bean 'org.springframework.transaction.annotation.ProxyTransactionManagementConfiguration' of type [org.springframework.transaction.annotation.ProxyTransactionManagementConfiguration$$EnhancerBySpringCGLIB$$61a46b9] is not eligible for getting processed by all BeanPostProcessors (for example: not eligible for auto-proxying)
19-08-2019 18:30:36.111 [main] INFO  o.s.b.w.e.tomcat.TomcatWebServer.initialize - Tomcat initialized with port(s): 8080 (http)
19-08-2019 18:30:36.156 [main] INFO  o.a.coyote.http11.Http11NioProtocol.log - Initializing ProtocolHandler ["http-nio-8080"]
19-08-2019 18:30:36.199 [main] INFO  o.a.catalina.core.StandardService.log - Starting service [Tomcat]
19-08-2019 18:30:36.201 [main] INFO  o.a.catalina.core.StandardEngine.log - Starting Servlet engine: [Apache Tomcat/9.0.21]
19-08-2019 18:30:36.606 [main] INFO  o.a.c.c.C.[Tomcat].[localhost].[/].log - Initializing Spring embedded WebApplicationContext
19-08-2019 18:30:36.607 [main] INFO  o.s.web.context.ContextLoader.prepareWebApplicationContext - Root WebApplicationContext: initialization completed in 7716 ms
19-08-2019 18:30:37.578 [main] INFO  o.a.c.i.c.DefaultTypeConverter.doStart - Type converters loaded (core: 195, classpath: 10)
19-08-2019 18:30:37.954 [main] INFO  c.u.j.r.DefaultLazyPropertyResolver.lambda$null$2 - Property Resolver custom Bean not found with name 'encryptablePropertyResolver'. Initializing Default Property Resolver
19-08-2019 18:30:37.961 [main] INFO  c.u.j.d.DefaultLazyPropertyDetector.lambda$null$2 - Property Detector custom Bean not found with name 'encryptablePropertyDetector'. Initializing Default Property Detector
19-08-2019 18:30:38.154 [main] INFO  c.u.j.encryptor.DefaultLazyEncryptor.lambda$null$2 - String Encryptor custom Bean not found with name 'jasyptStringEncryptor'. Initializing Default String Encryptor
19-08-2019 18:30:38.199 [main] INFO  c.u.j.encryptor.DefaultLazyEncryptor.getProperty - Encryptor config not found for property jasypt.encryptor.algorithm, using default value: PBEWithMD5AndDES
19-08-2019 18:30:38.207 [main] INFO  c.u.j.encryptor.DefaultLazyEncryptor.getProperty - Encryptor config not found for property jasypt.encryptor.keyObtentionIterations, using default value: 1000
19-08-2019 18:30:38.216 [main] INFO  c.u.j.encryptor.DefaultLazyEncryptor.getProperty - Encryptor config not found for property jasypt.encryptor.poolSize, using default value: 1
19-08-2019 18:30:38.222 [main] INFO  c.u.j.encryptor.DefaultLazyEncryptor.getProperty - Encryptor config not found for property jasypt.encryptor.providerName, using default value: null
19-08-2019 18:30:38.225 [main] INFO  c.u.j.encryptor.DefaultLazyEncryptor.getProperty - Encryptor config not found for property jasypt.encryptor.providerClassName, using default value: null
19-08-2019 18:30:38.229 [main] INFO  c.u.j.encryptor.DefaultLazyEncryptor.getProperty - Encryptor config not found for property jasypt.encryptor.saltGeneratorClassname, using default value: org.jasypt.salt.RandomSaltGenerator
19-08-2019 18:30:38.240 [main] INFO  c.u.j.encryptor.DefaultLazyEncryptor.getProperty - Encryptor config not found for property jasypt.encryptor.ivGeneratorClassname, using default value: org.jasypt.salt.NoOpIVGenerator
19-08-2019 18:30:38.243 [main] INFO  c.u.j.encryptor.DefaultLazyEncryptor.getProperty - Encryptor config not found for property jasypt.encryptor.stringOutputType, using default value: base64
19-08-2019 18:30:39.815 [main] INFO  o.s.s.c.ThreadPoolTaskExecutor.initialize - Initializing ExecutorService 'applicationTaskExecutor'
19-08-2019 18:30:42.395 [main] INFO  o.s.b.a.e.web.EndpointLinksResolver.<init> - Exposing 2 endpoint(s) beneath base path '/actuator'
19-08-2019 18:30:42.888 [main] INFO  c.l.l.route.SimpleCamelRoute.configure - Starting the Camel Route
19-08-2019 18:30:43.038 [main] INFO  c.l.l.route.SimpleCamelRoute.configure - Ending the Camel Route
19-08-2019 18:30:43.041 [main] INFO  o.a.c.spring.boot.RoutesCollector.loadXmlRoutes - Loading additional Camel XML routes from: classpath:camel/*.xml
19-08-2019 18:30:43.041 [main] INFO  o.a.c.spring.boot.RoutesCollector.loadXmlRests - Loading additional Camel XML rests from: classpath:camel-rest/*.xml
19-08-2019 18:30:43.044 [main] INFO  o.a.camel.spring.SpringCamelContext.start - Apache Camel 2.24.0 (CamelContext: camel-1) is starting
19-08-2019 18:30:43.045 [main] INFO  o.a.c.m.ManagedManagementStrategy.doStart - JMX is enabled
19-08-2019 18:30:43.723 [main] INFO  o.a.camel.spring.SpringCamelContext.doStartCamel - StreamCaching is not in use. If using streams then its recommended to enable stream caching. See more details at http://camel.apache.org/stream-caching.html
19-08-2019 18:30:44.004 [main] INFO  o.a.camel.spring.SpringCamelContext.doStartOrResumeRouteConsumers - Route: route1 started and consuming from: timer://hello?period=10s
19-08-2019 18:30:44.015 [main] INFO  o.a.camel.spring.SpringCamelContext.start - Total 1 routes, of which 1 are started
19-08-2019 18:30:44.037 [main] INFO  o.a.camel.spring.SpringCamelContext.start - Apache Camel 2.24.0 (CamelContext: camel-1) started in 0.975 seconds
19-08-2019 18:30:44.103 [main] INFO  o.a.coyote.http11.Http11NioProtocol.log - Starting ProtocolHandler ["http-nio-8080"]
19-08-2019 18:30:44.178 [main] INFO  o.s.b.w.e.tomcat.TomcatWebServer.start - Tomcat started on port(s): 8080 (http) with context path ''
19-08-2019 18:30:44.192 [main] INFO  c.l.l.LearnCamelSpringBootApplication.logStarted - Started LearnCamelSpringBootApplication in 18.142 seconds (JVM running for 21.446)
19-08-2019 18:30:45.048 [Camel (camel-1) thread #1 - timer://hello] INFO  route1.log - Timer Invoked and the body is  DEV Environment
19-08-2019 18:30:45.070 [Camel (camel-1) thread #1 - timer://hello] INFO  route1.log - PollEnrich: non-mock env flow and the body is 
19-08-2019 18:30:48.031 [http-nio-8080-exec-1] INFO  o.a.c.c.C.[Tomcat].[localhost].[/].log - Initializing Spring DispatcherServlet 'dispatcherServlet'
19-08-2019 18:30:48.035 [http-nio-8080-exec-1] INFO  o.s.web.servlet.DispatcherServlet.initServletBean - Initializing Servlet 'dispatcherServlet'
19-08-2019 18:30:48.068 [http-nio-8080-exec-1] INFO  o.s.web.servlet.DispatcherServlet.initServletBean - Completed initialization in 32 ms
19-08-2019 18:30:48.212 [http-nio-8080-exec-1] INFO  com.zaxxer.hikari.HikariDataSource.getConnection - HikariPool-1 - Starting...
19-08-2019 18:30:48.948 [http-nio-8080-exec-1] INFO  com.zaxxer.hikari.HikariDataSource.getConnection - HikariPool-1 - Start completed.
19-08-2019 18:54:33.866 [Thread-3] INFO  o.a.camel.spring.SpringCamelContext.doStop - Apache Camel 2.24.0 (CamelContext: camel-1) is shutting down
19-08-2019 18:54:33.875 [Thread-3] INFO  o.a.c.impl.DefaultShutdownStrategy.doShutdown - Starting to graceful shutdown 1 routes (timeout 2 seconds)
19-08-2019 18:54:33.882 [Camel (camel-1) thread #2 - ShutdownTask] INFO  o.a.c.impl.DefaultShutdownStrategy.run - Waiting as there are still 1 inflight and pending exchanges to complete, timeout in 2 seconds. Inflights per route: [route1 = 1]
19-08-2019 18:54:33.889 [Camel (camel-1) thread #2 - ShutdownTask] INFO  o.a.c.impl.DefaultShutdownStrategy.logInflightExchanges - There are 1 inflight exchanges:
	InflightExchange: [exchangeId=ID-amy-VirtualBox-1566196237265-0-1, fromRouteId=route1, routeId=route1, nodeId=pollEnrich1, elapsed=0, duration=1428866]
19-08-2019 18:54:34.890 [Camel (camel-1) thread #2 - ShutdownTask] INFO  o.a.c.impl.DefaultShutdownStrategy.run - Waiting as there are still 1 inflight and pending exchanges to complete, timeout in 1 seconds. Inflights per route: [route1 = 1]
19-08-2019 18:54:34.891 [Camel (camel-1) thread #2 - ShutdownTask] INFO  o.a.c.impl.DefaultShutdownStrategy.logInflightExchanges - There are 1 inflight exchanges:
	InflightExchange: [exchangeId=ID-amy-VirtualBox-1566196237265-0-1, fromRouteId=route1, routeId=route1, nodeId=pollEnrich1, elapsed=0, duration=1429868]
19-08-2019 18:54:35.882 [Thread-3] WARN  o.a.c.impl.DefaultShutdownStrategy.doShutdown - Timeout occurred during graceful shutdown. Forcing the routes to be shutdown now. Notice: some resources may still be running as graceful shutdown did not complete successfully.
19-08-2019 18:54:35.882 [Thread-3] INFO  o.a.c.impl.DefaultShutdownStrategy.logInflightExchanges - There are 1 inflight exchanges:
	InflightExchange: [exchangeId=ID-amy-VirtualBox-1566196237265-0-1, fromRouteId=route1, routeId=route1, nodeId=pollEnrich1, elapsed=0, duration=1430859]
19-08-2019 18:54:35.883 [Camel (camel-1) thread #2 - ShutdownTask] WARN  o.a.c.impl.DefaultShutdownStrategy.run - Interrupted while waiting during graceful shutdown, will force shutdown now.
19-08-2019 18:54:35.883 [Camel (camel-1) thread #2 - ShutdownTask] INFO  o.a.c.impl.DefaultShutdownStrategy.run - Route: route1 shutdown complete, was consuming from: timer://hello?period=10s
19-08-2019 18:54:35.892 [Thread-3] INFO  o.a.c.impl.DefaultShutdownStrategy.doShutdown - Graceful shutdown of 1 routes completed in 2 seconds
19-08-2019 18:54:35.907 [Thread-3] WARN  o.a.c.impl.DefaultInflightRepository.doStop - Shutting down while there are still 1 inflight exchanges.
19-08-2019 18:54:35.909 [Thread-3] INFO  o.a.camel.spring.SpringCamelContext.doStop - Apache Camel 2.24.0 (CamelContext: camel-1) uptime 23 minutes
19-08-2019 18:54:35.910 [Thread-3] INFO  o.a.camel.spring.SpringCamelContext.doStop - Apache Camel 2.24.0 (CamelContext: camel-1) is shutdown in 2.044 seconds
19-08-2019 18:54:35.921 [Thread-3] INFO  o.s.s.c.ThreadPoolTaskExecutor.shutdown - Shutting down ExecutorService 'applicationTaskExecutor'
19-08-2019 18:54:35.930 [Thread-3] INFO  com.zaxxer.hikari.HikariDataSource.close - HikariPool-1 - Shutdown initiated...
19-08-2019 18:54:35.936 [Camel (camel-1) thread #1 - timer://hello] WARN  o.a.c.component.timer.TimerConsumer.log - Error processing exchange. Exchange[ID-amy-VirtualBox-1566196237265-0-1]. Caused by: [java.util.concurrent.RejectedExecutionException - Run not allowed as ShutdownStrategy is forcing shutting down, will reject executing exchange: Exchange[ID-amy-VirtualBox-1566196237265-0-1]]
java.util.concurrent.RejectedExecutionException: Run not allowed as ShutdownStrategy is forcing shutting down, will reject executing exchange: Exchange[ID-amy-VirtualBox-1566196237265-0-1]
	at org.apache.camel.processor.CamelInternalProcessor.continueProcessing(CamelInternalProcessor.java:289)
	at org.apache.camel.processor.CamelInternalProcessor.process(CamelInternalProcessor.java:137)
	at org.apache.camel.processor.Pipeline.process(Pipeline.java:138)
	at org.apache.camel.processor.Pipeline.process(Pipeline.java:101)
	at org.apache.camel.processor.CamelInternalProcessor.process(CamelInternalProcessor.java:201)
	at org.apache.camel.component.timer.TimerConsumer.sendTimerExchange(TimerConsumer.java:197)
	at org.apache.camel.component.timer.TimerConsumer$1.run(TimerConsumer.java:79)
	at java.base/java.util.TimerThread.mainLoop(Timer.java:556)
	at java.base/java.util.TimerThread.run(Timer.java:506)
19-08-2019 18:54:35.978 [Thread-3] INFO  com.zaxxer.hikari.HikariDataSource.close - HikariPool-1 - Shutdown completed.
19-08-2019 18:55:06.236 [main] INFO  c.l.l.LearnCamelSpringBootApplication.logStarting - Starting LearnCamelSpringBootApplication on amy-VirtualBox with PID 14652 (/home/amy/IdeaProjects/learncamel-spring-boot/out/production/classes started by amy in /home/amy/IdeaProjects/learncamel-spring-boot)
19-08-2019 18:55:06.253 [main] INFO  c.l.l.LearnCamelSpringBootApplication.logStartupProfileInfo - The following profiles are active: dev
19-08-2019 18:55:12.624 [main] INFO  c.u.j.c.EnableEncryptablePropertiesBeanFactoryPostProcessor.postProcessBeanFactory - Post-processing PropertySource instances
19-08-2019 18:55:13.020 [main] INFO  c.u.j.EncryptablePropertySourceConverter.makeEncryptable - Converting PropertySource configurationProperties [org.springframework.boot.context.properties.source.ConfigurationPropertySourcesPropertySource] to AOP Proxy
19-08-2019 18:55:13.024 [main] INFO  c.u.j.EncryptablePropertySourceConverter.makeEncryptable - Converting PropertySource servletConfigInitParams [org.springframework.core.env.PropertySource$StubPropertySource] to EncryptablePropertySourceWrapper
19-08-2019 18:55:13.024 [main] INFO  c.u.j.EncryptablePropertySourceConverter.makeEncryptable - Converting PropertySource servletContextInitParams [org.springframework.core.env.PropertySource$StubPropertySource] to EncryptablePropertySourceWrapper
19-08-2019 18:55:13.026 [main] INFO  c.u.j.EncryptablePropertySourceConverter.makeEncryptable - Converting PropertySource systemProperties [org.springframework.core.env.PropertiesPropertySource] to EncryptableMapPropertySourceWrapper
19-08-2019 18:55:13.027 [main] INFO  c.u.j.EncryptablePropertySourceConverter.makeEncryptable - Converting PropertySource systemEnvironment [org.springframework.boot.env.SystemEnvironmentPropertySourceEnvironmentPostProcessor$OriginAwareSystemEnvironmentPropertySource] to EncryptableMapPropertySourceWrapper
19-08-2019 18:55:13.027 [main] INFO  c.u.j.EncryptablePropertySourceConverter.makeEncryptable - Converting PropertySource random [org.springframework.boot.env.RandomValuePropertySource] to EncryptablePropertySourceWrapper
19-08-2019 18:55:13.028 [main] INFO  c.u.j.EncryptablePropertySourceConverter.makeEncryptable - Converting PropertySource applicationConfig: [classpath:/application.yml] (document #1) [org.springframework.boot.env.OriginTrackedMapPropertySource] to EncryptableMapPropertySourceWrapper
19-08-2019 18:55:13.030 [main] INFO  c.u.j.EncryptablePropertySourceConverter.makeEncryptable - Converting PropertySource applicationConfig: [classpath:/application.yml] (document #4) [org.springframework.boot.env.OriginTrackedMapPropertySource] to EncryptableMapPropertySourceWrapper
19-08-2019 18:55:13.033 [main] INFO  c.u.j.EncryptablePropertySourceConverter.makeEncryptable - Converting PropertySource applicationConfig: [classpath:/application.yml] (document #0) [org.springframework.boot.env.OriginTrackedMapPropertySource] to EncryptableMapPropertySourceWrapper
19-08-2019 18:55:13.191 [main] INFO  c.u.j.f.DefaultLazyPropertyFilter.lambda$null$2 - Property Filter custom Bean not found with name 'encryptablePropertyFilter'. Initializing Default Property Filter
19-08-2019 18:55:13.353 [main] INFO  o.s.c.s.PostProcessorRegistrationDelegate$BeanPostProcessorChecker.postProcessAfterInitialization - Bean 'org.apache.camel.spring.boot.CamelAutoConfiguration' of type [org.apache.camel.spring.boot.CamelAutoConfiguration$$EnhancerBySpringCGLIB$$c21ef816] is not eligible for getting processed by all BeanPostProcessors (for example: not eligible for auto-proxying)
19-08-2019 18:55:13.421 [main] INFO  o.s.c.s.PostProcessorRegistrationDelegate$BeanPostProcessorChecker.postProcessAfterInitialization - Bean 'org.springframework.transaction.annotation.ProxyTransactionManagementConfiguration' of type [org.springframework.transaction.annotation.ProxyTransactionManagementConfiguration$$EnhancerBySpringCGLIB$$9ff531f7] is not eligible for getting processed by all BeanPostProcessors (for example: not eligible for auto-proxying)
19-08-2019 18:55:14.486 [main] INFO  o.s.b.w.e.tomcat.TomcatWebServer.initialize - Tomcat initialized with port(s): 8080 (http)
19-08-2019 18:55:14.529 [main] INFO  o.a.coyote.http11.Http11NioProtocol.log - Initializing ProtocolHandler ["http-nio-8080"]
19-08-2019 18:55:14.587 [main] INFO  o.a.catalina.core.StandardService.log - Starting service [Tomcat]
19-08-2019 18:55:14.587 [main] INFO  o.a.catalina.core.StandardEngine.log - Starting Servlet engine: [Apache Tomcat/9.0.21]
19-08-2019 18:55:14.911 [main] INFO  o.a.c.c.C.[Tomcat].[localhost].[/].log - Initializing Spring embedded WebApplicationContext
19-08-2019 18:55:14.913 [main] INFO  o.s.web.context.ContextLoader.prepareWebApplicationContext - Root WebApplicationContext: initialization completed in 8322 ms
19-08-2019 18:55:15.796 [main] INFO  o.a.c.i.c.DefaultTypeConverter.doStart - Type converters loaded (core: 195, classpath: 10)
19-08-2019 18:55:16.163 [main] INFO  c.u.j.r.DefaultLazyPropertyResolver.lambda$null$2 - Property Resolver custom Bean not found with name 'encryptablePropertyResolver'. Initializing Default Property Resolver
19-08-2019 18:55:16.175 [main] INFO  c.u.j.d.DefaultLazyPropertyDetector.lambda$null$2 - Property Detector custom Bean not found with name 'encryptablePropertyDetector'. Initializing Default Property Detector
19-08-2019 18:55:16.315 [main] INFO  c.u.j.encryptor.DefaultLazyEncryptor.lambda$null$2 - String Encryptor custom Bean not found with name 'jasyptStringEncryptor'. Initializing Default String Encryptor
19-08-2019 18:55:16.334 [main] INFO  c.u.j.encryptor.DefaultLazyEncryptor.getProperty - Encryptor config not found for property jasypt.encryptor.algorithm, using default value: PBEWithMD5AndDES
19-08-2019 18:55:16.336 [main] INFO  c.u.j.encryptor.DefaultLazyEncryptor.getProperty - Encryptor config not found for property jasypt.encryptor.keyObtentionIterations, using default value: 1000
19-08-2019 18:55:16.337 [main] INFO  c.u.j.encryptor.DefaultLazyEncryptor.getProperty - Encryptor config not found for property jasypt.encryptor.poolSize, using default value: 1
19-08-2019 18:55:16.339 [main] INFO  c.u.j.encryptor.DefaultLazyEncryptor.getProperty - Encryptor config not found for property jasypt.encryptor.providerName, using default value: null
19-08-2019 18:55:16.341 [main] INFO  c.u.j.encryptor.DefaultLazyEncryptor.getProperty - Encryptor config not found for property jasypt.encryptor.providerClassName, using default value: null
19-08-2019 18:55:16.343 [main] INFO  c.u.j.encryptor.DefaultLazyEncryptor.getProperty - Encryptor config not found for property jasypt.encryptor.saltGeneratorClassname, using default value: org.jasypt.salt.RandomSaltGenerator
19-08-2019 18:55:16.345 [main] INFO  c.u.j.encryptor.DefaultLazyEncryptor.getProperty - Encryptor config not found for property jasypt.encryptor.ivGeneratorClassname, using default value: org.jasypt.salt.NoOpIVGenerator
19-08-2019 18:55:16.348 [main] INFO  c.u.j.encryptor.DefaultLazyEncryptor.getProperty - Encryptor config not found for property jasypt.encryptor.stringOutputType, using default value: base64
19-08-2019 18:55:17.597 [main] INFO  o.s.s.c.ThreadPoolTaskExecutor.initialize - Initializing ExecutorService 'applicationTaskExecutor'
19-08-2019 18:55:19.004 [main] INFO  o.s.b.a.e.web.EndpointLinksResolver.<init> - Exposing 2 endpoint(s) beneath base path '/actuator'
19-08-2019 18:55:19.372 [main] INFO  c.l.l.route.SimpleCamelRoute.configure - Starting the Camel Route
19-08-2019 18:55:19.424 [main] INFO  c.l.l.route.SimpleCamelRoute.configure - Ending the Camel Route
19-08-2019 18:55:19.426 [main] INFO  o.a.c.spring.boot.RoutesCollector.loadXmlRoutes - Loading additional Camel XML routes from: classpath:camel/*.xml
19-08-2019 18:55:19.426 [main] INFO  o.a.c.spring.boot.RoutesCollector.loadXmlRests - Loading additional Camel XML rests from: classpath:camel-rest/*.xml
19-08-2019 18:55:19.428 [main] INFO  o.a.camel.spring.SpringCamelContext.start - Apache Camel 2.24.0 (CamelContext: camel-1) is starting
19-08-2019 18:55:19.429 [main] INFO  o.a.c.m.ManagedManagementStrategy.doStart - JMX is enabled
19-08-2019 18:55:20.139 [main] INFO  o.a.camel.spring.SpringCamelContext.doStartCamel - StreamCaching is not in use. If using streams then its recommended to enable stream caching. See more details at http://camel.apache.org/stream-caching.html
19-08-2019 18:55:20.509 [main] INFO  o.a.camel.spring.SpringCamelContext.doStartOrResumeRouteConsumers - Route: healthRoute started and consuming from: timer://healthRoute?period=10s
19-08-2019 18:55:20.513 [main] INFO  o.a.camel.spring.SpringCamelContext.doStartOrResumeRouteConsumers - Route: mainRoute started and consuming from: timer://hello?period=10s
19-08-2019 18:55:20.522 [main] INFO  o.a.camel.spring.SpringCamelContext.start - Total 2 routes, of which 2 are started
19-08-2019 18:55:20.528 [main] INFO  o.a.camel.spring.SpringCamelContext.start - Apache Camel 2.24.0 (CamelContext: camel-1) started in 1.094 seconds
19-08-2019 18:55:20.577 [main] INFO  o.a.coyote.http11.Http11NioProtocol.log - Starting ProtocolHandler ["http-nio-8080"]
19-08-2019 18:55:20.640 [main] INFO  o.s.b.w.e.tomcat.TomcatWebServer.start - Tomcat started on port(s): 8080 (http) with context path ''
19-08-2019 18:55:20.652 [main] INFO  c.l.l.LearnCamelSpringBootApplication.logStarted - Started LearnCamelSpringBootApplication in 16.812 seconds (JVM running for 19.836)
19-08-2019 18:55:21.639 [Camel (camel-1) thread #2 - timer://hello] INFO  mainRoute.log - Timer Invoked and the body is  DEV Environment
19-08-2019 18:55:21.657 [Camel (camel-1) thread #2 - timer://hello] INFO  mainRoute.log - PollEnrich: non-mock env flow and the body is 
19-08-2019 18:55:21.904 [http-nio-8080-exec-1] INFO  o.a.c.c.C.[Tomcat].[localhost].[/].log - Initializing Spring DispatcherServlet 'dispatcherServlet'
19-08-2019 18:55:21.907 [http-nio-8080-exec-1] INFO  o.s.web.servlet.DispatcherServlet.initServletBean - Initializing Servlet 'dispatcherServlet'
19-08-2019 18:55:21.931 [http-nio-8080-exec-1] INFO  o.s.web.servlet.DispatcherServlet.initServletBean - Completed initialization in 24 ms
19-08-2019 18:55:22.001 [http-nio-8080-exec-1] INFO  com.zaxxer.hikari.HikariDataSource.getConnection - HikariPool-1 - Starting...
19-08-2019 18:55:22.514 [http-nio-8080-exec-1] INFO  com.zaxxer.hikari.HikariDataSource.getConnection - HikariPool-1 - Start completed.
19-08-2019 18:55:26.091 [Camel (camel-1) thread #1 - timer://healthRoute] INFO  c.l.l.process.HealthCheckProcessor.process - Health Check String of the APP is: {"status":"UP","details":{"camel":{"status":"UP","details":{"name":"camel-1","version":"2.24.0","uptime":"2.564 seconds","uptimeMillis":2564,"status":"Started"}},"diskSpace":{"status":"UP","details":{"total":527368978432,"free":456529170432,"threshold":10485760}},"db":{"status":"UP","details":{"database":"PostgreSQL","hello":1}},"mail":{"status":"UP","details":{"location":"smtp.gmail.com:587"}}}}
19-08-2019 18:55:26.228 [Camel (camel-1) thread #1 - timer://healthRoute] INFO  c.l.l.process.HealthCheckProcessor.process - map read is: {status=UP, details={camel={status=UP, details={name=camel-1, version=2.24.0, uptime=2.564 seconds, uptimeMillis=2564, status=Started}}, diskSpace={status=UP, details={total=527368978432, free=456529170432, threshold=10485760}}, db={status=UP, details={database=PostgreSQL, hello=1}}, mail={status=UP, details={location=smtp.gmail.com:587}}}}
19-08-2019 18:55:34.729 [Camel (camel-1) thread #1 - timer://healthRoute] INFO  c.l.l.process.HealthCheckProcessor.process - Health Check String of the APP is: {"status":"UP","details":{"camel":{"status":"UP","details":{"name":"camel-1","version":"2.24.0","uptime":"12.099 seconds","uptimeMillis":12099,"status":"Started"}},"diskSpace":{"status":"UP","details":{"total":527368978432,"free":456529170432,"threshold":10485760}},"db":{"status":"UP","details":{"database":"PostgreSQL","hello":1}},"mail":{"status":"UP","details":{"location":"smtp.gmail.com:587"}}}}
19-08-2019 18:55:34.732 [Camel (camel-1) thread #1 - timer://healthRoute] INFO  c.l.l.process.HealthCheckProcessor.process - map read is: {status=UP, details={camel={status=UP, details={name=camel-1, version=2.24.0, uptime=12.099 seconds, uptimeMillis=12099, status=Started}}, diskSpace={status=UP, details={total=527368978432, free=456529170432, threshold=10485760}}, db={status=UP, details={database=PostgreSQL, hello=1}}, mail={status=UP, details={location=smtp.gmail.com:587}}}}
19-08-2019 18:55:41.647 [Thread-4] INFO  o.a.camel.spring.SpringCamelContext.doStop - Apache Camel 2.24.0 (CamelContext: camel-1) is shutting down
19-08-2019 18:55:41.648 [Thread-4] INFO  o.a.c.impl.DefaultShutdownStrategy.doShutdown - Starting to graceful shutdown 2 routes (timeout 2 seconds)
19-08-2019 18:55:41.659 [Camel (camel-1) thread #3 - ShutdownTask] INFO  o.a.c.impl.DefaultShutdownStrategy.run - Waiting as there are still 2 inflight and pending exchanges to complete, timeout in 2 seconds. Inflights per route: [mainRoute = 1, healthRoute = 1]
19-08-2019 18:55:41.666 [Camel (camel-1) thread #3 - ShutdownTask] INFO  o.a.c.impl.DefaultShutdownStrategy.logInflightExchanges - There are 2 inflight exchanges:
	InflightExchange: [exchangeId=ID-amy-VirtualBox-1566197715499-0-2, fromRouteId=mainRoute, routeId=mainRoute, nodeId=pollEnrich2, elapsed=0, duration=20031]
	InflightExchange: [exchangeId=ID-amy-VirtualBox-1566197715499-0-7, fromRouteId=healthRoute, routeId=healthRoute, nodeId=pollEnrich1, elapsed=0, duration=145]
19-08-2019 18:55:42.668 [Camel (camel-1) thread #3 - ShutdownTask] INFO  o.a.c.impl.DefaultShutdownStrategy.run - Waiting as there are still 2 inflight and pending exchanges to complete, timeout in 1 seconds. Inflights per route: [mainRoute = 1, healthRoute = 1]
19-08-2019 18:55:42.669 [Camel (camel-1) thread #3 - ShutdownTask] INFO  o.a.c.impl.DefaultShutdownStrategy.logInflightExchanges - There are 2 inflight exchanges:
	InflightExchange: [exchangeId=ID-amy-VirtualBox-1566197715499-0-2, fromRouteId=mainRoute, routeId=mainRoute, nodeId=pollEnrich2, elapsed=0, duration=21034]
	InflightExchange: [exchangeId=ID-amy-VirtualBox-1566197715499-0-7, fromRouteId=healthRoute, routeId=healthRoute, nodeId=pollEnrich1, elapsed=0, duration=1148]
19-08-2019 18:55:43.659 [Thread-4] WARN  o.a.c.impl.DefaultShutdownStrategy.doShutdown - Timeout occurred during graceful shutdown. Forcing the routes to be shutdown now. Notice: some resources may still be running as graceful shutdown did not complete successfully.
19-08-2019 18:55:43.659 [Camel (camel-1) thread #3 - ShutdownTask] WARN  o.a.c.impl.DefaultShutdownStrategy.run - Interrupted while waiting during graceful shutdown, will force shutdown now.
19-08-2019 18:55:43.661 [Thread-4] INFO  o.a.c.impl.DefaultShutdownStrategy.logInflightExchanges - There are 2 inflight exchanges:
	InflightExchange: [exchangeId=ID-amy-VirtualBox-1566197715499-0-2, fromRouteId=mainRoute, routeId=mainRoute, nodeId=pollEnrich2, elapsed=0, duration=22026]
	InflightExchange: [exchangeId=ID-amy-VirtualBox-1566197715499-0-7, fromRouteId=healthRoute, routeId=healthRoute, nodeId=pollEnrich1, elapsed=0, duration=2140]
19-08-2019 18:55:43.664 [Thread-4] INFO  o.a.c.impl.DefaultShutdownStrategy.doShutdown - Graceful shutdown of 2 routes completed in 2 seconds
19-08-2019 18:55:43.683 [Camel (camel-1) thread #3 - ShutdownTask] INFO  o.a.c.impl.DefaultShutdownStrategy.run - Route: mainRoute shutdown complete, was consuming from: timer://hello?period=10s
19-08-2019 18:55:43.685 [Camel (camel-1) thread #3 - ShutdownTask] INFO  o.a.c.impl.DefaultShutdownStrategy.run - Route: healthRoute shutdown complete, was consuming from: timer://healthRoute?period=10s
19-08-2019 18:55:43.698 [Thread-4] WARN  o.a.c.impl.DefaultInflightRepository.doStop - Shutting down while there are still 2 inflight exchanges.
19-08-2019 18:55:43.712 [Thread-4] INFO  o.a.camel.spring.SpringCamelContext.doStop - Apache Camel 2.24.0 (CamelContext: camel-1) uptime 24.280 seconds
19-08-2019 18:55:43.713 [Thread-4] INFO  o.a.camel.spring.SpringCamelContext.doStop - Apache Camel 2.24.0 (CamelContext: camel-1) is shutdown in 2.065 seconds
19-08-2019 18:55:43.721 [Thread-4] INFO  o.s.s.c.ThreadPoolTaskExecutor.shutdown - Shutting down ExecutorService 'applicationTaskExecutor'
19-08-2019 18:55:43.730 [Thread-4] INFO  com.zaxxer.hikari.HikariDataSource.close - HikariPool-1 - Shutdown initiated...
19-08-2019 18:55:43.749 [Camel (camel-1) thread #2 - timer://hello] WARN  o.a.c.component.timer.TimerConsumer.log - Error processing exchange. Exchange[ID-amy-VirtualBox-1566197715499-0-2]. Caused by: [java.util.concurrent.RejectedExecutionException - Run not allowed as ShutdownStrategy is forcing shutting down, will reject executing exchange: Exchange[ID-amy-VirtualBox-1566197715499-0-2]]
java.util.concurrent.RejectedExecutionException: Run not allowed as ShutdownStrategy is forcing shutting down, will reject executing exchange: Exchange[ID-amy-VirtualBox-1566197715499-0-2]
	at org.apache.camel.processor.CamelInternalProcessor.continueProcessing(CamelInternalProcessor.java:289)
	at org.apache.camel.processor.CamelInternalProcessor.process(CamelInternalProcessor.java:137)
	at org.apache.camel.processor.Pipeline.process(Pipeline.java:138)
	at org.apache.camel.processor.Pipeline.process(Pipeline.java:101)
	at org.apache.camel.processor.CamelInternalProcessor.process(CamelInternalProcessor.java:201)
	at org.apache.camel.component.timer.TimerConsumer.sendTimerExchange(TimerConsumer.java:197)
	at org.apache.camel.component.timer.TimerConsumer$1.run(TimerConsumer.java:79)
	at java.base/java.util.TimerThread.mainLoop(Timer.java:556)
	at java.base/java.util.TimerThread.run(Timer.java:506)
19-08-2019 18:55:43.792 [Thread-4] INFO  com.zaxxer.hikari.HikariDataSource.close - HikariPool-1 - Shutdown completed.
19-08-2019 18:55:44.422 [Camel (camel-1) thread #1 - timer://healthRoute] WARN  o.a.c.component.timer.TimerConsumer.log - Error processing exchange. Exchange[ID-amy-VirtualBox-1566197715499-0-7]. Caused by: [java.util.concurrent.RejectedExecutionException - Run not allowed as ShutdownStrategy is forcing shutting down, will reject executing exchange: Exchange[ID-amy-VirtualBox-1566197715499-0-7]]
java.util.concurrent.RejectedExecutionException: Run not allowed as ShutdownStrategy is forcing shutting down, will reject executing exchange: Exchange[ID-amy-VirtualBox-1566197715499-0-7]
	at org.apache.camel.processor.CamelInternalProcessor.continueProcessing(CamelInternalProcessor.java:289)
	at org.apache.camel.processor.CamelInternalProcessor.process(CamelInternalProcessor.java:137)
	at org.apache.camel.processor.Pipeline.process(Pipeline.java:138)
	at org.apache.camel.processor.Pipeline.process(Pipeline.java:101)
	at org.apache.camel.processor.CamelInternalProcessor.process(CamelInternalProcessor.java:201)
	at org.apache.camel.component.timer.TimerConsumer.sendTimerExchange(TimerConsumer.java:197)
	at org.apache.camel.component.timer.TimerConsumer$1.run(TimerConsumer.java:79)
	at java.base/java.util.TimerThread.mainLoop(Timer.java:556)
	at java.base/java.util.TimerThread.run(Timer.java:506)
19-08-2019 18:57:37.196 [main] INFO  c.l.l.LearnCamelSpringBootApplication.logStarting - Starting LearnCamelSpringBootApplication on amy-VirtualBox with PID 15132 (/home/amy/IdeaProjects/learncamel-spring-boot/out/production/classes started by amy in /home/amy/IdeaProjects/learncamel-spring-boot)
19-08-2019 18:57:37.212 [main] INFO  c.l.l.LearnCamelSpringBootApplication.logStartupProfileInfo - The following profiles are active: dev
19-08-2019 18:57:43.119 [main] INFO  c.u.j.c.EnableEncryptablePropertiesBeanFactoryPostProcessor.postProcessBeanFactory - Post-processing PropertySource instances
19-08-2019 18:57:43.301 [main] INFO  c.u.j.EncryptablePropertySourceConverter.makeEncryptable - Converting PropertySource configurationProperties [org.springframework.boot.context.properties.source.ConfigurationPropertySourcesPropertySource] to AOP Proxy
19-08-2019 18:57:43.308 [main] INFO  c.u.j.EncryptablePropertySourceConverter.makeEncryptable - Converting PropertySource servletConfigInitParams [org.springframework.core.env.PropertySource$StubPropertySource] to EncryptablePropertySourceWrapper
19-08-2019 18:57:43.309 [main] INFO  c.u.j.EncryptablePropertySourceConverter.makeEncryptable - Converting PropertySource servletContextInitParams [org.springframework.core.env.PropertySource$StubPropertySource] to EncryptablePropertySourceWrapper
19-08-2019 18:57:43.309 [main] INFO  c.u.j.EncryptablePropertySourceConverter.makeEncryptable - Converting PropertySource systemProperties [org.springframework.core.env.PropertiesPropertySource] to EncryptableMapPropertySourceWrapper
19-08-2019 18:57:43.310 [main] INFO  c.u.j.EncryptablePropertySourceConverter.makeEncryptable - Converting PropertySource systemEnvironment [org.springframework.boot.env.SystemEnvironmentPropertySourceEnvironmentPostProcessor$OriginAwareSystemEnvironmentPropertySource] to EncryptableMapPropertySourceWrapper
19-08-2019 18:57:43.310 [main] INFO  c.u.j.EncryptablePropertySourceConverter.makeEncryptable - Converting PropertySource random [org.springframework.boot.env.RandomValuePropertySource] to EncryptablePropertySourceWrapper
19-08-2019 18:57:43.310 [main] INFO  c.u.j.EncryptablePropertySourceConverter.makeEncryptable - Converting PropertySource applicationConfig: [classpath:/application.yml] (document #1) [org.springframework.boot.env.OriginTrackedMapPropertySource] to EncryptableMapPropertySourceWrapper
19-08-2019 18:57:43.311 [main] INFO  c.u.j.EncryptablePropertySourceConverter.makeEncryptable - Converting PropertySource applicationConfig: [classpath:/application.yml] (document #4) [org.springframework.boot.env.OriginTrackedMapPropertySource] to EncryptableMapPropertySourceWrapper
19-08-2019 18:57:43.311 [main] INFO  c.u.j.EncryptablePropertySourceConverter.makeEncryptable - Converting PropertySource applicationConfig: [classpath:/application.yml] (document #0) [org.springframework.boot.env.OriginTrackedMapPropertySource] to EncryptableMapPropertySourceWrapper
19-08-2019 18:57:43.429 [main] INFO  c.u.j.f.DefaultLazyPropertyFilter.lambda$null$2 - Property Filter custom Bean not found with name 'encryptablePropertyFilter'. Initializing Default Property Filter
19-08-2019 18:57:43.503 [main] INFO  o.s.c.s.PostProcessorRegistrationDelegate$BeanPostProcessorChecker.postProcessAfterInitialization - Bean 'org.apache.camel.spring.boot.CamelAutoConfiguration' of type [org.apache.camel.spring.boot.CamelAutoConfiguration$$EnhancerBySpringCGLIB$$547cce1a] is not eligible for getting processed by all BeanPostProcessors (for example: not eligible for auto-proxying)
19-08-2019 18:57:43.536 [main] INFO  o.s.c.s.PostProcessorRegistrationDelegate$BeanPostProcessorChecker.postProcessAfterInitialization - Bean 'org.springframework.transaction.annotation.ProxyTransactionManagementConfiguration' of type [org.springframework.transaction.annotation.ProxyTransactionManagementConfiguration$$EnhancerBySpringCGLIB$$325307fb] is not eligible for getting processed by all BeanPostProcessors (for example: not eligible for auto-proxying)
19-08-2019 18:57:44.614 [main] INFO  o.s.b.w.e.tomcat.TomcatWebServer.initialize - Tomcat initialized with port(s): 8080 (http)
19-08-2019 18:57:44.663 [main] INFO  o.a.coyote.http11.Http11NioProtocol.log - Initializing ProtocolHandler ["http-nio-8080"]
19-08-2019 18:57:44.724 [main] INFO  o.a.catalina.core.StandardService.log - Starting service [Tomcat]
19-08-2019 18:57:44.725 [main] INFO  o.a.catalina.core.StandardEngine.log - Starting Servlet engine: [Apache Tomcat/9.0.21]
19-08-2019 18:57:45.085 [main] INFO  o.a.c.c.C.[Tomcat].[localhost].[/].log - Initializing Spring embedded WebApplicationContext
19-08-2019 18:57:45.086 [main] INFO  o.s.web.context.ContextLoader.prepareWebApplicationContext - Root WebApplicationContext: initialization completed in 7527 ms
19-08-2019 18:57:45.869 [main] INFO  o.a.c.i.c.DefaultTypeConverter.doStart - Type converters loaded (core: 195, classpath: 10)
19-08-2019 18:57:46.174 [main] INFO  c.u.j.r.DefaultLazyPropertyResolver.lambda$null$2 - Property Resolver custom Bean not found with name 'encryptablePropertyResolver'. Initializing Default Property Resolver
19-08-2019 18:57:46.183 [main] INFO  c.u.j.d.DefaultLazyPropertyDetector.lambda$null$2 - Property Detector custom Bean not found with name 'encryptablePropertyDetector'. Initializing Default Property Detector
19-08-2019 18:57:46.284 [main] INFO  c.u.j.encryptor.DefaultLazyEncryptor.lambda$null$2 - String Encryptor custom Bean not found with name 'jasyptStringEncryptor'. Initializing Default String Encryptor
19-08-2019 18:57:46.297 [main] INFO  c.u.j.encryptor.DefaultLazyEncryptor.getProperty - Encryptor config not found for property jasypt.encryptor.algorithm, using default value: PBEWithMD5AndDES
19-08-2019 18:57:46.302 [main] INFO  c.u.j.encryptor.DefaultLazyEncryptor.getProperty - Encryptor config not found for property jasypt.encryptor.keyObtentionIterations, using default value: 1000
19-08-2019 18:57:46.302 [main] INFO  c.u.j.encryptor.DefaultLazyEncryptor.getProperty - Encryptor config not found for property jasypt.encryptor.poolSize, using default value: 1
19-08-2019 18:57:46.303 [main] INFO  c.u.j.encryptor.DefaultLazyEncryptor.getProperty - Encryptor config not found for property jasypt.encryptor.providerName, using default value: null
19-08-2019 18:57:46.306 [main] INFO  c.u.j.encryptor.DefaultLazyEncryptor.getProperty - Encryptor config not found for property jasypt.encryptor.providerClassName, using default value: null
19-08-2019 18:57:46.306 [main] INFO  c.u.j.encryptor.DefaultLazyEncryptor.getProperty - Encryptor config not found for property jasypt.encryptor.saltGeneratorClassname, using default value: org.jasypt.salt.RandomSaltGenerator
19-08-2019 18:57:46.309 [main] INFO  c.u.j.encryptor.DefaultLazyEncryptor.getProperty - Encryptor config not found for property jasypt.encryptor.ivGeneratorClassname, using default value: org.jasypt.salt.NoOpIVGenerator
19-08-2019 18:57:46.312 [main] INFO  c.u.j.encryptor.DefaultLazyEncryptor.getProperty - Encryptor config not found for property jasypt.encryptor.stringOutputType, using default value: base64
19-08-2019 18:57:47.351 [main] INFO  o.s.s.c.ThreadPoolTaskExecutor.initialize - Initializing ExecutorService 'applicationTaskExecutor'
19-08-2019 18:57:51.025 [main] INFO  o.s.b.a.e.web.EndpointLinksResolver.<init> - Exposing 2 endpoint(s) beneath base path '/actuator'
19-08-2019 18:57:51.411 [main] INFO  c.l.l.route.SimpleCamelRoute.configure - Starting the Camel Route
19-08-2019 18:57:51.462 [main] INFO  c.l.l.route.SimpleCamelRoute.configure - Ending the Camel Route
19-08-2019 18:57:51.464 [main] INFO  o.a.c.spring.boot.RoutesCollector.loadXmlRoutes - Loading additional Camel XML routes from: classpath:camel/*.xml
19-08-2019 18:57:51.464 [main] INFO  o.a.c.spring.boot.RoutesCollector.loadXmlRests - Loading additional Camel XML rests from: classpath:camel-rest/*.xml
19-08-2019 18:57:51.465 [main] INFO  o.a.camel.spring.SpringCamelContext.start - Apache Camel 2.24.0 (CamelContext: camel-1) is starting
19-08-2019 18:57:51.468 [main] INFO  o.a.c.m.ManagedManagementStrategy.doStart - JMX is enabled
19-08-2019 18:57:52.177 [main] INFO  o.a.camel.spring.SpringCamelContext.doStartCamel - StreamCaching is not in use. If using streams then its recommended to enable stream caching. See more details at http://camel.apache.org/stream-caching.html
19-08-2019 18:57:52.528 [main] INFO  o.a.camel.spring.SpringCamelContext.doStartOrResumeRouteConsumers - Route: healthRoute started and consuming from: timer://healthRoute?period=10s
19-08-2019 18:57:52.534 [main] INFO  o.a.camel.spring.SpringCamelContext.doStartOrResumeRouteConsumers - Route: mainRoute started and consuming from: timer://hello?period=10s
19-08-2019 18:57:52.539 [main] INFO  o.a.camel.spring.SpringCamelContext.start - Total 2 routes, of which 2 are started
19-08-2019 18:57:52.544 [main] INFO  o.a.camel.spring.SpringCamelContext.start - Apache Camel 2.24.0 (CamelContext: camel-1) started in 1.075 seconds
19-08-2019 18:57:52.592 [main] INFO  o.a.coyote.http11.Http11NioProtocol.log - Starting ProtocolHandler ["http-nio-8080"]
19-08-2019 18:57:52.631 [main] INFO  o.s.b.w.e.tomcat.TomcatWebServer.start - Tomcat started on port(s): 8080 (http) with context path ''
19-08-2019 18:57:52.635 [main] INFO  c.l.l.LearnCamelSpringBootApplication.logStarted - Started LearnCamelSpringBootApplication in 17.863 seconds (JVM running for 20.884)
19-08-2019 18:57:53.669 [Camel (camel-1) thread #2 - timer://hello] INFO  mainRoute.log - Timer Invoked and the body is  DEV Environment
19-08-2019 18:57:53.684 [Camel (camel-1) thread #2 - timer://hello] INFO  mainRoute.log - PollEnrich: non-mock env flow and the body is 
19-08-2019 18:57:53.887 [http-nio-8080-exec-1] INFO  o.a.c.c.C.[Tomcat].[localhost].[/].log - Initializing Spring DispatcherServlet 'dispatcherServlet'
19-08-2019 18:57:53.891 [http-nio-8080-exec-1] INFO  o.s.web.servlet.DispatcherServlet.initServletBean - Initializing Servlet 'dispatcherServlet'
19-08-2019 18:57:53.928 [http-nio-8080-exec-1] INFO  o.s.web.servlet.DispatcherServlet.initServletBean - Completed initialization in 34 ms
19-08-2019 18:57:54.006 [http-nio-8080-exec-1] INFO  com.zaxxer.hikari.HikariDataSource.getConnection - HikariPool-1 - Starting...
19-08-2019 18:57:54.480 [http-nio-8080-exec-1] INFO  com.zaxxer.hikari.HikariDataSource.getConnection - HikariPool-1 - Start completed.
19-08-2019 18:57:58.004 [Camel (camel-1) thread #1 - timer://healthRoute] INFO  c.l.l.process.HealthCheckProcessor.process - Health Check String of the APP is: {"status":"UP","details":{"camel":{"status":"UP","details":{"name":"camel-1","version":"2.24.0","uptime":"2.536 seconds","uptimeMillis":2536,"status":"Started"}},"diskSpace":{"status":"UP","details":{"total":527368978432,"free":456529047552,"threshold":10485760}},"db":{"status":"UP","details":{"database":"PostgreSQL","hello":1}},"mail":{"status":"UP","details":{"location":"smtp.gmail.com:587"}}}}
19-08-2019 18:57:58.053 [Camel (camel-1) thread #1 - timer://healthRoute] INFO  c.l.l.process.HealthCheckProcessor.process - map read is: {status=UP, details={camel={status=UP, details={name=camel-1, version=2.24.0, uptime=2.536 seconds, uptimeMillis=2536, status=Started}}, diskSpace={status=UP, details={total=527368978432, free=456529047552, threshold=10485760}}, db={status=UP, details={database=PostgreSQL, hello=1}}, mail={status=UP, details={location=smtp.gmail.com:587}}}}
19-08-2019 18:58:06.427 [Camel (camel-1) thread #1 - timer://healthRoute] INFO  c.l.l.process.HealthCheckProcessor.process - Health Check String of the APP is: {"status":"UP","details":{"camel":{"status":"UP","details":{"name":"camel-1","version":"2.24.0","uptime":"12.090 seconds","uptimeMillis":12090,"status":"Started"}},"diskSpace":{"status":"UP","details":{"total":527368978432,"free":456529043456,"threshold":10485760}},"db":{"status":"UP","details":{"database":"PostgreSQL","hello":1}},"mail":{"status":"UP","details":{"location":"smtp.gmail.com:587"}}}}
19-08-2019 18:58:06.433 [Camel (camel-1) thread #1 - timer://healthRoute] INFO  c.l.l.process.HealthCheckProcessor.process - map read is: {status=UP, details={camel={status=UP, details={name=camel-1, version=2.24.0, uptime=12.090 seconds, uptimeMillis=12090, status=Started}}, diskSpace={status=UP, details={total=527368978432, free=456529043456, threshold=10485760}}, db={status=UP, details={database=PostgreSQL, hello=1}}, mail={status=UP, details={location=smtp.gmail.com:587}}}}
19-08-2019 18:58:08.629 [Thread-4] INFO  o.a.camel.spring.SpringCamelContext.doStop - Apache Camel 2.24.0 (CamelContext: camel-1) is shutting down
19-08-2019 18:58:08.629 [Thread-4] INFO  o.a.c.impl.DefaultShutdownStrategy.doShutdown - Starting to graceful shutdown 2 routes (timeout 2 seconds)
19-08-2019 18:58:08.638 [Camel (camel-1) thread #3 - ShutdownTask] INFO  o.a.c.impl.DefaultShutdownStrategy.run - Waiting as there are still 1 inflight and pending exchanges to complete, timeout in 2 seconds. Inflights per route: [mainRoute = 1]
19-08-2019 18:58:08.640 [Camel (camel-1) thread #3 - ShutdownTask] INFO  o.a.c.impl.DefaultShutdownStrategy.logInflightExchanges - There are 1 inflight exchanges:
	InflightExchange: [exchangeId=ID-amy-VirtualBox-1566197865613-0-2, fromRouteId=mainRoute, routeId=mainRoute, nodeId=pollEnrich2, elapsed=0, duration=14973]
19-08-2019 18:58:09.642 [Camel (camel-1) thread #3 - ShutdownTask] INFO  o.a.c.impl.DefaultShutdownStrategy.run - Waiting as there are still 1 inflight and pending exchanges to complete, timeout in 1 seconds. Inflights per route: [mainRoute = 1]
19-08-2019 18:58:09.642 [Camel (camel-1) thread #3 - ShutdownTask] INFO  o.a.c.impl.DefaultShutdownStrategy.logInflightExchanges - There are 1 inflight exchanges:
	InflightExchange: [exchangeId=ID-amy-VirtualBox-1566197865613-0-2, fromRouteId=mainRoute, routeId=mainRoute, nodeId=pollEnrich2, elapsed=0, duration=15975]
19-08-2019 18:58:10.636 [Thread-4] WARN  o.a.c.impl.DefaultShutdownStrategy.doShutdown - Timeout occurred during graceful shutdown. Forcing the routes to be shutdown now. Notice: some resources may still be running as graceful shutdown did not complete successfully.
19-08-2019 18:58:10.636 [Thread-4] INFO  o.a.c.impl.DefaultShutdownStrategy.logInflightExchanges - There are 1 inflight exchanges:
	InflightExchange: [exchangeId=ID-amy-VirtualBox-1566197865613-0-2, fromRouteId=mainRoute, routeId=mainRoute, nodeId=pollEnrich2, elapsed=0, duration=16969]
19-08-2019 18:58:10.637 [Camel (camel-1) thread #3 - ShutdownTask] WARN  o.a.c.impl.DefaultShutdownStrategy.run - Interrupted while waiting during graceful shutdown, will force shutdown now.
19-08-2019 18:58:10.637 [Camel (camel-1) thread #3 - ShutdownTask] INFO  o.a.c.impl.DefaultShutdownStrategy.run - Route: mainRoute shutdown complete, was consuming from: timer://hello?period=10s
19-08-2019 18:58:10.638 [Camel (camel-1) thread #3 - ShutdownTask] INFO  o.a.c.impl.DefaultShutdownStrategy.run - Route: healthRoute shutdown complete, was consuming from: timer://healthRoute?period=10s
19-08-2019 18:58:10.649 [Thread-4] INFO  o.a.c.impl.DefaultShutdownStrategy.doShutdown - Graceful shutdown of 2 routes completed in 2 seconds
19-08-2019 18:58:10.679 [Thread-4] WARN  o.a.c.impl.DefaultInflightRepository.doStop - Shutting down while there are still 1 inflight exchanges.
19-08-2019 18:58:10.689 [Thread-4] INFO  o.a.camel.spring.SpringCamelContext.doStop - Apache Camel 2.24.0 (CamelContext: camel-1) uptime 19.224 seconds
19-08-2019 18:58:10.690 [Thread-4] INFO  o.a.camel.spring.SpringCamelContext.doStop - Apache Camel 2.24.0 (CamelContext: camel-1) is shutdown in 2.061 seconds
19-08-2019 18:58:10.713 [Thread-4] INFO  o.s.s.c.ThreadPoolTaskExecutor.shutdown - Shutting down ExecutorService 'applicationTaskExecutor'
19-08-2019 18:58:10.722 [Thread-4] INFO  com.zaxxer.hikari.HikariDataSource.close - HikariPool-1 - Shutdown initiated...
19-08-2019 18:58:10.761 [Camel (camel-1) thread #2 - timer://hello] WARN  o.a.c.component.timer.TimerConsumer.log - Error processing exchange. Exchange[ID-amy-VirtualBox-1566197865613-0-2]. Caused by: [java.util.concurrent.RejectedExecutionException - Run not allowed as ShutdownStrategy is forcing shutting down, will reject executing exchange: Exchange[ID-amy-VirtualBox-1566197865613-0-2]]
java.util.concurrent.RejectedExecutionException: Run not allowed as ShutdownStrategy is forcing shutting down, will reject executing exchange: Exchange[ID-amy-VirtualBox-1566197865613-0-2]
	at org.apache.camel.processor.CamelInternalProcessor.continueProcessing(CamelInternalProcessor.java:289)
	at org.apache.camel.processor.CamelInternalProcessor.process(CamelInternalProcessor.java:137)
	at org.apache.camel.processor.Pipeline.process(Pipeline.java:138)
	at org.apache.camel.processor.Pipeline.process(Pipeline.java:101)
	at org.apache.camel.processor.CamelInternalProcessor.process(CamelInternalProcessor.java:201)
	at org.apache.camel.component.timer.TimerConsumer.sendTimerExchange(TimerConsumer.java:197)
	at org.apache.camel.component.timer.TimerConsumer$1.run(TimerConsumer.java:79)
	at java.base/java.util.TimerThread.mainLoop(Timer.java:556)
	at java.base/java.util.TimerThread.run(Timer.java:506)
19-08-2019 18:58:10.787 [Thread-4] INFO  com.zaxxer.hikari.HikariDataSource.close - HikariPool-1 - Shutdown completed.
19-08-2019 18:58:22.143 [main] INFO  c.l.l.LearnCamelSpringBootApplication.logStarting - Starting LearnCamelSpringBootApplication on amy-VirtualBox with PID 15424 (/home/amy/IdeaProjects/learncamel-spring-boot/out/production/classes started by amy in /home/amy/IdeaProjects/learncamel-spring-boot)
19-08-2019 18:58:22.152 [main] INFO  c.l.l.LearnCamelSpringBootApplication.logStartupProfileInfo - The following profiles are active: dev
19-08-2019 18:58:26.704 [main] INFO  c.u.j.c.EnableEncryptablePropertiesBeanFactoryPostProcessor.postProcessBeanFactory - Post-processing PropertySource instances
19-08-2019 18:58:26.882 [main] INFO  c.u.j.EncryptablePropertySourceConverter.makeEncryptable - Converting PropertySource configurationProperties [org.springframework.boot.context.properties.source.ConfigurationPropertySourcesPropertySource] to AOP Proxy
19-08-2019 18:58:26.885 [main] INFO  c.u.j.EncryptablePropertySourceConverter.makeEncryptable - Converting PropertySource servletConfigInitParams [org.springframework.core.env.PropertySource$StubPropertySource] to EncryptablePropertySourceWrapper
19-08-2019 18:58:26.886 [main] INFO  c.u.j.EncryptablePropertySourceConverter.makeEncryptable - Converting PropertySource servletContextInitParams [org.springframework.core.env.PropertySource$StubPropertySource] to EncryptablePropertySourceWrapper
19-08-2019 18:58:26.887 [main] INFO  c.u.j.EncryptablePropertySourceConverter.makeEncryptable - Converting PropertySource systemProperties [org.springframework.core.env.PropertiesPropertySource] to EncryptableMapPropertySourceWrapper
19-08-2019 18:58:26.889 [main] INFO  c.u.j.EncryptablePropertySourceConverter.makeEncryptable - Converting PropertySource systemEnvironment [org.springframework.boot.env.SystemEnvironmentPropertySourceEnvironmentPostProcessor$OriginAwareSystemEnvironmentPropertySource] to EncryptableMapPropertySourceWrapper
19-08-2019 18:58:26.889 [main] INFO  c.u.j.EncryptablePropertySourceConverter.makeEncryptable - Converting PropertySource random [org.springframework.boot.env.RandomValuePropertySource] to EncryptablePropertySourceWrapper
19-08-2019 18:58:26.889 [main] INFO  c.u.j.EncryptablePropertySourceConverter.makeEncryptable - Converting PropertySource applicationConfig: [classpath:/application.yml] (document #1) [org.springframework.boot.env.OriginTrackedMapPropertySource] to EncryptableMapPropertySourceWrapper
19-08-2019 18:58:26.889 [main] INFO  c.u.j.EncryptablePropertySourceConverter.makeEncryptable - Converting PropertySource applicationConfig: [classpath:/application.yml] (document #4) [org.springframework.boot.env.OriginTrackedMapPropertySource] to EncryptableMapPropertySourceWrapper
19-08-2019 18:58:26.890 [main] INFO  c.u.j.EncryptablePropertySourceConverter.makeEncryptable - Converting PropertySource applicationConfig: [classpath:/application.yml] (document #0) [org.springframework.boot.env.OriginTrackedMapPropertySource] to EncryptableMapPropertySourceWrapper
19-08-2019 18:58:27.052 [main] INFO  c.u.j.f.DefaultLazyPropertyFilter.lambda$null$2 - Property Filter custom Bean not found with name 'encryptablePropertyFilter'. Initializing Default Property Filter
19-08-2019 18:58:27.151 [main] INFO  o.s.c.s.PostProcessorRegistrationDelegate$BeanPostProcessorChecker.postProcessAfterInitialization - Bean 'org.apache.camel.spring.boot.CamelAutoConfiguration' of type [org.apache.camel.spring.boot.CamelAutoConfiguration$$EnhancerBySpringCGLIB$$2e000efc] is not eligible for getting processed by all BeanPostProcessors (for example: not eligible for auto-proxying)
19-08-2019 18:58:27.198 [main] INFO  o.s.c.s.PostProcessorRegistrationDelegate$BeanPostProcessorChecker.postProcessAfterInitialization - Bean 'org.springframework.transaction.annotation.ProxyTransactionManagementConfiguration' of type [org.springframework.transaction.annotation.ProxyTransactionManagementConfiguration$$EnhancerBySpringCGLIB$$bd648dd] is not eligible for getting processed by all BeanPostProcessors (for example: not eligible for auto-proxying)
19-08-2019 18:58:28.171 [main] INFO  o.s.b.w.e.tomcat.TomcatWebServer.initialize - Tomcat initialized with port(s): 8080 (http)
19-08-2019 18:58:28.215 [main] INFO  o.a.coyote.http11.Http11NioProtocol.log - Initializing ProtocolHandler ["http-nio-8080"]
19-08-2019 18:58:28.256 [main] INFO  o.a.catalina.core.StandardService.log - Starting service [Tomcat]
19-08-2019 18:58:28.257 [main] INFO  o.a.catalina.core.StandardEngine.log - Starting Servlet engine: [Apache Tomcat/9.0.21]
19-08-2019 18:58:28.578 [main] INFO  o.a.c.c.C.[Tomcat].[localhost].[/].log - Initializing Spring embedded WebApplicationContext
19-08-2019 18:58:28.579 [main] INFO  o.s.web.context.ContextLoader.prepareWebApplicationContext - Root WebApplicationContext: initialization completed in 6279 ms
19-08-2019 18:58:29.745 [main] INFO  o.a.c.i.c.DefaultTypeConverter.doStart - Type converters loaded (core: 195, classpath: 10)
19-08-2019 18:58:30.249 [main] INFO  c.u.j.r.DefaultLazyPropertyResolver.lambda$null$2 - Property Resolver custom Bean not found with name 'encryptablePropertyResolver'. Initializing Default Property Resolver
19-08-2019 18:58:30.257 [main] INFO  c.u.j.d.DefaultLazyPropertyDetector.lambda$null$2 - Property Detector custom Bean not found with name 'encryptablePropertyDetector'. Initializing Default Property Detector
19-08-2019 18:58:30.470 [main] INFO  c.u.j.encryptor.DefaultLazyEncryptor.lambda$null$2 - String Encryptor custom Bean not found with name 'jasyptStringEncryptor'. Initializing Default String Encryptor
19-08-2019 18:58:30.498 [main] INFO  c.u.j.encryptor.DefaultLazyEncryptor.getProperty - Encryptor config not found for property jasypt.encryptor.algorithm, using default value: PBEWithMD5AndDES
19-08-2019 18:58:30.501 [main] INFO  c.u.j.encryptor.DefaultLazyEncryptor.getProperty - Encryptor config not found for property jasypt.encryptor.keyObtentionIterations, using default value: 1000
19-08-2019 18:58:30.503 [main] INFO  c.u.j.encryptor.DefaultLazyEncryptor.getProperty - Encryptor config not found for property jasypt.encryptor.poolSize, using default value: 1
19-08-2019 18:58:30.508 [main] INFO  c.u.j.encryptor.DefaultLazyEncryptor.getProperty - Encryptor config not found for property jasypt.encryptor.providerName, using default value: null
19-08-2019 18:58:30.510 [main] INFO  c.u.j.encryptor.DefaultLazyEncryptor.getProperty - Encryptor config not found for property jasypt.encryptor.providerClassName, using default value: null
19-08-2019 18:58:30.514 [main] INFO  c.u.j.encryptor.DefaultLazyEncryptor.getProperty - Encryptor config not found for property jasypt.encryptor.saltGeneratorClassname, using default value: org.jasypt.salt.RandomSaltGenerator
19-08-2019 18:58:30.523 [main] INFO  c.u.j.encryptor.DefaultLazyEncryptor.getProperty - Encryptor config not found for property jasypt.encryptor.ivGeneratorClassname, using default value: org.jasypt.salt.NoOpIVGenerator
19-08-2019 18:58:30.535 [main] INFO  c.u.j.encryptor.DefaultLazyEncryptor.getProperty - Encryptor config not found for property jasypt.encryptor.stringOutputType, using default value: base64
19-08-2019 18:58:32.026 [main] INFO  o.s.s.c.ThreadPoolTaskExecutor.initialize - Initializing ExecutorService 'applicationTaskExecutor'
19-08-2019 18:58:33.514 [main] INFO  o.s.b.a.e.web.EndpointLinksResolver.<init> - Exposing 2 endpoint(s) beneath base path '/actuator'
19-08-2019 18:58:33.893 [main] INFO  c.l.l.route.SimpleCamelRoute.configure - Starting the Camel Route
19-08-2019 18:58:33.947 [main] INFO  c.l.l.route.SimpleCamelRoute.configure - Ending the Camel Route
19-08-2019 18:58:33.948 [main] INFO  o.a.c.spring.boot.RoutesCollector.loadXmlRoutes - Loading additional Camel XML routes from: classpath:camel/*.xml
19-08-2019 18:58:33.951 [main] INFO  o.a.c.spring.boot.RoutesCollector.loadXmlRests - Loading additional Camel XML rests from: classpath:camel-rest/*.xml
19-08-2019 18:58:33.952 [main] INFO  o.a.camel.spring.SpringCamelContext.start - Apache Camel 2.24.0 (CamelContext: camel-1) is starting
19-08-2019 18:58:33.953 [main] INFO  o.a.c.m.ManagedManagementStrategy.doStart - JMX is enabled
19-08-2019 18:58:34.561 [main] INFO  o.a.camel.spring.SpringCamelContext.doStartCamel - StreamCaching is not in use. If using streams then its recommended to enable stream caching. See more details at http://camel.apache.org/stream-caching.html
19-08-2019 18:58:35.014 [main] INFO  o.a.camel.spring.SpringCamelContext.doStartOrResumeRouteConsumers - Route: healthRoute started and consuming from: timer://healthRoute?period=10s
19-08-2019 18:58:35.017 [main] INFO  o.a.camel.spring.SpringCamelContext.doStartOrResumeRouteConsumers - Route: mainRoute started and consuming from: timer://hello?period=10s
19-08-2019 18:58:35.026 [main] INFO  o.a.camel.spring.SpringCamelContext.start - Total 2 routes, of which 2 are started
19-08-2019 18:58:35.030 [main] INFO  o.a.camel.spring.SpringCamelContext.start - Apache Camel 2.24.0 (CamelContext: camel-1) started in 1.074 seconds
19-08-2019 18:58:35.085 [main] INFO  o.a.coyote.http11.Http11NioProtocol.log - Starting ProtocolHandler ["http-nio-8080"]
19-08-2019 18:58:35.151 [main] INFO  o.s.b.w.e.tomcat.TomcatWebServer.start - Tomcat started on port(s): 8080 (http) with context path ''
19-08-2019 18:58:35.157 [main] INFO  c.l.l.LearnCamelSpringBootApplication.logStarted - Started LearnCamelSpringBootApplication in 15.373 seconds (JVM running for 21.619)
19-08-2019 18:58:36.059 [Camel (camel-1) thread #2 - timer://hello] INFO  mainRoute.log - Timer Invoked and the body is  DEV Environment
19-08-2019 18:58:36.080 [Camel (camel-1) thread #2 - timer://hello] INFO  mainRoute.log - PollEnrich: non-mock env flow and the body is 
19-08-2019 18:58:36.376 [http-nio-8080-exec-1] INFO  o.a.c.c.C.[Tomcat].[localhost].[/].log - Initializing Spring DispatcherServlet 'dispatcherServlet'
19-08-2019 18:58:36.376 [http-nio-8080-exec-1] INFO  o.s.web.servlet.DispatcherServlet.initServletBean - Initializing Servlet 'dispatcherServlet'
19-08-2019 18:58:36.399 [http-nio-8080-exec-1] INFO  o.s.web.servlet.DispatcherServlet.initServletBean - Completed initialization in 23 ms
19-08-2019 18:58:36.504 [http-nio-8080-exec-1] INFO  com.zaxxer.hikari.HikariDataSource.getConnection - HikariPool-1 - Starting...
19-08-2019 18:58:37.140 [http-nio-8080-exec-1] INFO  com.zaxxer.hikari.HikariDataSource.getConnection - HikariPool-1 - Start completed.
19-08-2019 18:58:40.896 [Camel (camel-1) thread #1 - timer://healthRoute] INFO  c.l.l.process.HealthCheckProcessor.process - Health Check String of the APP is: {"status":"UP","details":{"camel":{"status":"UP","details":{"name":"camel-1","version":"2.24.0","uptime":"2.546 seconds","uptimeMillis":2546,"status":"Started"}},"diskSpace":{"status":"UP","details":{"total":527368978432,"free":456528990208,"threshold":10485760}},"db":{"status":"UP","details":{"database":"PostgreSQL","hello":1}},"mail":{"status":"UP","details":{"location":"smtp.gmail.com:587"}}}}
19-08-2019 18:58:40.937 [Camel (camel-1) thread #1 - timer://healthRoute] INFO  c.l.l.process.HealthCheckProcessor.process - map read is: {status=UP, details={camel={status=UP, details={name=camel-1, version=2.24.0, uptime=2.546 seconds, uptimeMillis=2546, status=Started}}, diskSpace={status=UP, details={total=527368978432, free=456528990208, threshold=10485760}}, db={status=UP, details={database=PostgreSQL, hello=1}}, mail={status=UP, details={location=smtp.gmail.com:587}}}}
19-08-2019 19:04:21.055 [HikariPool-1 housekeeper] WARN  com.zaxxer.hikari.pool.HikariPool.run - HikariPool-1 - Thread starvation or clock leap detected (housekeeper delta=5m5s485ms141s60ns).
19-08-2019 19:04:21.165 [Thread-4] INFO  o.a.camel.spring.SpringCamelContext.doStop - Apache Camel 2.24.0 (CamelContext: camel-1) is shutting down
19-08-2019 19:04:21.166 [Thread-4] INFO  o.a.c.impl.DefaultShutdownStrategy.doShutdown - Starting to graceful shutdown 2 routes (timeout 2 seconds)
19-08-2019 19:04:21.175 [Camel (camel-1) thread #3 - ShutdownTask] INFO  o.a.c.impl.DefaultShutdownStrategy.run - Waiting as there are still 2 inflight and pending exchanges to complete, timeout in 2 seconds. Inflights per route: [mainRoute = 1, healthRoute = 1]
19-08-2019 19:04:21.177 [Camel (camel-1) thread #3 - ShutdownTask] INFO  o.a.c.impl.DefaultShutdownStrategy.logInflightExchanges - There are 2 inflight exchanges:
	InflightExchange: [exchangeId=ID-amy-VirtualBox-1566197909420-0-1, fromRouteId=mainRoute, routeId=mainRoute, nodeId=pollEnrich2, elapsed=0, duration=345146]
	InflightExchange: [exchangeId=ID-amy-VirtualBox-1566197909420-0-5, fromRouteId=healthRoute, routeId=healthRoute, nodeId=pollEnrich1, elapsed=0, duration=101]
19-08-2019 19:04:22.178 [Camel (camel-1) thread #3 - ShutdownTask] INFO  o.a.c.impl.DefaultShutdownStrategy.run - Waiting as there are still 2 inflight and pending exchanges to complete, timeout in 1 seconds. Inflights per route: [mainRoute = 1, healthRoute = 1]
19-08-2019 19:04:22.178 [Camel (camel-1) thread #3 - ShutdownTask] INFO  o.a.c.impl.DefaultShutdownStrategy.logInflightExchanges - There are 2 inflight exchanges:
	InflightExchange: [exchangeId=ID-amy-VirtualBox-1566197909420-0-1, fromRouteId=mainRoute, routeId=mainRoute, nodeId=pollEnrich2, elapsed=0, duration=346147]
	InflightExchange: [exchangeId=ID-amy-VirtualBox-1566197909420-0-5, fromRouteId=healthRoute, routeId=healthRoute, nodeId=pollEnrich1, elapsed=0, duration=1102]
19-08-2019 19:04:23.172 [Thread-4] WARN  o.a.c.impl.DefaultShutdownStrategy.doShutdown - Timeout occurred during graceful shutdown. Forcing the routes to be shutdown now. Notice: some resources may still be running as graceful shutdown did not complete successfully.
19-08-2019 19:04:23.174 [Camel (camel-1) thread #3 - ShutdownTask] WARN  o.a.c.impl.DefaultShutdownStrategy.run - Interrupted while waiting during graceful shutdown, will force shutdown now.
19-08-2019 19:04:23.177 [Thread-4] INFO  o.a.c.impl.DefaultShutdownStrategy.logInflightExchanges - There are 2 inflight exchanges:
	InflightExchange: [exchangeId=ID-amy-VirtualBox-1566197909420-0-1, fromRouteId=mainRoute, routeId=mainRoute, nodeId=pollEnrich2, elapsed=0, duration=347146]
	InflightExchange: [exchangeId=ID-amy-VirtualBox-1566197909420-0-5, fromRouteId=healthRoute, routeId=healthRoute, nodeId=pollEnrich1, elapsed=0, duration=2101]
19-08-2019 19:04:23.185 [Thread-4] INFO  o.a.c.impl.DefaultShutdownStrategy.doShutdown - Graceful shutdown of 2 routes completed in 2 seconds
19-08-2019 19:04:23.195 [Camel (camel-1) thread #3 - ShutdownTask] INFO  o.a.c.impl.DefaultShutdownStrategy.run - Route: mainRoute shutdown complete, was consuming from: timer://hello?period=10s
19-08-2019 19:04:23.196 [Camel (camel-1) thread #3 - ShutdownTask] INFO  o.a.c.impl.DefaultShutdownStrategy.run - Route: healthRoute shutdown complete, was consuming from: timer://healthRoute?period=10s
19-08-2019 19:04:23.209 [Thread-4] WARN  o.a.c.impl.DefaultInflightRepository.doStop - Shutting down while there are still 2 inflight exchanges.
19-08-2019 19:04:23.224 [Thread-4] INFO  o.a.camel.spring.SpringCamelContext.doStop - Apache Camel 2.24.0 (CamelContext: camel-1) uptime 5 minutes
19-08-2019 19:04:23.224 [Thread-4] INFO  o.a.camel.spring.SpringCamelContext.doStop - Apache Camel 2.24.0 (CamelContext: camel-1) is shutdown in 2.059 seconds
19-08-2019 19:04:23.233 [Thread-4] INFO  o.s.s.c.ThreadPoolTaskExecutor.shutdown - Shutting down ExecutorService 'applicationTaskExecutor'
19-08-2019 19:04:23.238 [Thread-4] INFO  com.zaxxer.hikari.HikariDataSource.close - HikariPool-1 - Shutdown initiated...
19-08-2019 19:04:23.281 [Thread-4] INFO  com.zaxxer.hikari.HikariDataSource.close - HikariPool-1 - Shutdown completed.
19-08-2019 19:04:23.574 [Camel (camel-1) thread #2 - timer://hello] WARN  o.a.c.component.timer.TimerConsumer.log - Error processing exchange. Exchange[ID-amy-VirtualBox-1566197909420-0-1]. Caused by: [java.util.concurrent.RejectedExecutionException - Run not allowed as ShutdownStrategy is forcing shutting down, will reject executing exchange: Exchange[ID-amy-VirtualBox-1566197909420-0-1]]
java.util.concurrent.RejectedExecutionException: Run not allowed as ShutdownStrategy is forcing shutting down, will reject executing exchange: Exchange[ID-amy-VirtualBox-1566197909420-0-1]
	at org.apache.camel.processor.CamelInternalProcessor.continueProcessing(CamelInternalProcessor.java:289)
	at org.apache.camel.processor.CamelInternalProcessor.process(CamelInternalProcessor.java:137)
	at org.apache.camel.processor.Pipeline.process(Pipeline.java:138)
	at org.apache.camel.processor.Pipeline.process(Pipeline.java:101)
	at org.apache.camel.processor.CamelInternalProcessor.process(CamelInternalProcessor.java:201)
	at org.apache.camel.component.timer.TimerConsumer.sendTimerExchange(TimerConsumer.java:197)
	at org.apache.camel.component.timer.TimerConsumer$1.run(TimerConsumer.java:79)
	at java.base/java.util.TimerThread.mainLoop(Timer.java:556)
	at java.base/java.util.TimerThread.run(Timer.java:506)
19-08-2019 19:04:24.003 [Camel (camel-1) thread #1 - timer://healthRoute] WARN  o.a.c.component.timer.TimerConsumer.log - Error processing exchange. Exchange[ID-amy-VirtualBox-1566197909420-0-5]. Caused by: [java.util.concurrent.RejectedExecutionException - Run not allowed as ShutdownStrategy is forcing shutting down, will reject executing exchange: Exchange[ID-amy-VirtualBox-1566197909420-0-5]]
java.util.concurrent.RejectedExecutionException: Run not allowed as ShutdownStrategy is forcing shutting down, will reject executing exchange: Exchange[ID-amy-VirtualBox-1566197909420-0-5]
	at org.apache.camel.processor.CamelInternalProcessor.continueProcessing(CamelInternalProcessor.java:289)
	at org.apache.camel.processor.CamelInternalProcessor.process(CamelInternalProcessor.java:137)
	at org.apache.camel.processor.Pipeline.process(Pipeline.java:138)
	at org.apache.camel.processor.Pipeline.process(Pipeline.java:101)
	at org.apache.camel.processor.CamelInternalProcessor.process(CamelInternalProcessor.java:201)
	at org.apache.camel.component.timer.TimerConsumer.sendTimerExchange(TimerConsumer.java:197)
	at org.apache.camel.component.timer.TimerConsumer$1.run(TimerConsumer.java:79)
	at java.base/java.util.TimerThread.mainLoop(Timer.java:556)
	at java.base/java.util.TimerThread.run(Timer.java:506)
19-08-2019 19:04:37.353 [main] INFO  c.l.l.LearnCamelSpringBootApplication.logStarting - Starting LearnCamelSpringBootApplication on amy-VirtualBox with PID 16720 (/home/amy/IdeaProjects/learncamel-spring-boot/out/production/classes started by amy in /home/amy/IdeaProjects/learncamel-spring-boot)
19-08-2019 19:04:37.370 [main] INFO  c.l.l.LearnCamelSpringBootApplication.logStartupProfileInfo - The following profiles are active: dev
19-08-2019 19:04:42.299 [main] INFO  c.u.j.c.EnableEncryptablePropertiesBeanFactoryPostProcessor.postProcessBeanFactory - Post-processing PropertySource instances
19-08-2019 19:04:42.477 [main] INFO  c.u.j.EncryptablePropertySourceConverter.makeEncryptable - Converting PropertySource configurationProperties [org.springframework.boot.context.properties.source.ConfigurationPropertySourcesPropertySource] to AOP Proxy
19-08-2019 19:04:42.481 [main] INFO  c.u.j.EncryptablePropertySourceConverter.makeEncryptable - Converting PropertySource servletConfigInitParams [org.springframework.core.env.PropertySource$StubPropertySource] to EncryptablePropertySourceWrapper
19-08-2019 19:04:42.482 [main] INFO  c.u.j.EncryptablePropertySourceConverter.makeEncryptable - Converting PropertySource servletContextInitParams [org.springframework.core.env.PropertySource$StubPropertySource] to EncryptablePropertySourceWrapper
19-08-2019 19:04:42.483 [main] INFO  c.u.j.EncryptablePropertySourceConverter.makeEncryptable - Converting PropertySource systemProperties [org.springframework.core.env.PropertiesPropertySource] to EncryptableMapPropertySourceWrapper
19-08-2019 19:04:42.484 [main] INFO  c.u.j.EncryptablePropertySourceConverter.makeEncryptable - Converting PropertySource systemEnvironment [org.springframework.boot.env.SystemEnvironmentPropertySourceEnvironmentPostProcessor$OriginAwareSystemEnvironmentPropertySource] to EncryptableMapPropertySourceWrapper
19-08-2019 19:04:42.485 [main] INFO  c.u.j.EncryptablePropertySourceConverter.makeEncryptable - Converting PropertySource random [org.springframework.boot.env.RandomValuePropertySource] to EncryptablePropertySourceWrapper
19-08-2019 19:04:42.485 [main] INFO  c.u.j.EncryptablePropertySourceConverter.makeEncryptable - Converting PropertySource applicationConfig: [classpath:/application.yml] (document #1) [org.springframework.boot.env.OriginTrackedMapPropertySource] to EncryptableMapPropertySourceWrapper
19-08-2019 19:04:42.486 [main] INFO  c.u.j.EncryptablePropertySourceConverter.makeEncryptable - Converting PropertySource applicationConfig: [classpath:/application.yml] (document #4) [org.springframework.boot.env.OriginTrackedMapPropertySource] to EncryptableMapPropertySourceWrapper
19-08-2019 19:04:42.486 [main] INFO  c.u.j.EncryptablePropertySourceConverter.makeEncryptable - Converting PropertySource applicationConfig: [classpath:/application.yml] (document #0) [org.springframework.boot.env.OriginTrackedMapPropertySource] to EncryptableMapPropertySourceWrapper
19-08-2019 19:04:42.654 [main] INFO  c.u.j.f.DefaultLazyPropertyFilter.lambda$null$2 - Property Filter custom Bean not found with name 'encryptablePropertyFilter'. Initializing Default Property Filter
19-08-2019 19:04:42.731 [main] INFO  o.s.c.s.PostProcessorRegistrationDelegate$BeanPostProcessorChecker.postProcessAfterInitialization - Bean 'org.apache.camel.spring.boot.CamelAutoConfiguration' of type [org.apache.camel.spring.boot.CamelAutoConfiguration$$EnhancerBySpringCGLIB$$7aa38235] is not eligible for getting processed by all BeanPostProcessors (for example: not eligible for auto-proxying)
19-08-2019 19:04:42.768 [main] INFO  o.s.c.s.PostProcessorRegistrationDelegate$BeanPostProcessorChecker.postProcessAfterInitialization - Bean 'org.springframework.transaction.annotation.ProxyTransactionManagementConfiguration' of type [org.springframework.transaction.annotation.ProxyTransactionManagementConfiguration$$EnhancerBySpringCGLIB$$5879bc16] is not eligible for getting processed by all BeanPostProcessors (for example: not eligible for auto-proxying)
19-08-2019 19:04:43.795 [main] INFO  o.s.b.w.e.tomcat.TomcatWebServer.initialize - Tomcat initialized with port(s): 8080 (http)
19-08-2019 19:04:43.832 [main] INFO  o.a.coyote.http11.Http11NioProtocol.log - Initializing ProtocolHandler ["http-nio-8080"]
19-08-2019 19:04:43.876 [main] INFO  o.a.catalina.core.StandardService.log - Starting service [Tomcat]
19-08-2019 19:04:43.876 [main] INFO  o.a.catalina.core.StandardEngine.log - Starting Servlet engine: [Apache Tomcat/9.0.21]
19-08-2019 19:04:44.169 [main] INFO  o.a.c.c.C.[Tomcat].[localhost].[/].log - Initializing Spring embedded WebApplicationContext
19-08-2019 19:04:44.170 [main] INFO  o.s.web.context.ContextLoader.prepareWebApplicationContext - Root WebApplicationContext: initialization completed in 6526 ms
19-08-2019 19:04:44.959 [main] INFO  o.a.c.i.c.DefaultTypeConverter.doStart - Type converters loaded (core: 195, classpath: 10)
19-08-2019 19:04:45.368 [main] INFO  c.u.j.r.DefaultLazyPropertyResolver.lambda$null$2 - Property Resolver custom Bean not found with name 'encryptablePropertyResolver'. Initializing Default Property Resolver
19-08-2019 19:04:45.376 [main] INFO  c.u.j.d.DefaultLazyPropertyDetector.lambda$null$2 - Property Detector custom Bean not found with name 'encryptablePropertyDetector'. Initializing Default Property Detector
19-08-2019 19:04:45.501 [main] INFO  c.u.j.encryptor.DefaultLazyEncryptor.lambda$null$2 - String Encryptor custom Bean not found with name 'jasyptStringEncryptor'. Initializing Default String Encryptor
19-08-2019 19:04:45.516 [main] INFO  c.u.j.encryptor.DefaultLazyEncryptor.getProperty - Encryptor config not found for property jasypt.encryptor.algorithm, using default value: PBEWithMD5AndDES
19-08-2019 19:04:45.518 [main] INFO  c.u.j.encryptor.DefaultLazyEncryptor.getProperty - Encryptor config not found for property jasypt.encryptor.keyObtentionIterations, using default value: 1000
19-08-2019 19:04:45.520 [main] INFO  c.u.j.encryptor.DefaultLazyEncryptor.getProperty - Encryptor config not found for property jasypt.encryptor.poolSize, using default value: 1
19-08-2019 19:04:45.521 [main] INFO  c.u.j.encryptor.DefaultLazyEncryptor.getProperty - Encryptor config not found for property jasypt.encryptor.providerName, using default value: null
19-08-2019 19:04:45.523 [main] INFO  c.u.j.encryptor.DefaultLazyEncryptor.getProperty - Encryptor config not found for property jasypt.encryptor.providerClassName, using default value: null
19-08-2019 19:04:45.526 [main] INFO  c.u.j.encryptor.DefaultLazyEncryptor.getProperty - Encryptor config not found for property jasypt.encryptor.saltGeneratorClassname, using default value: org.jasypt.salt.RandomSaltGenerator
19-08-2019 19:04:45.528 [main] INFO  c.u.j.encryptor.DefaultLazyEncryptor.getProperty - Encryptor config not found for property jasypt.encryptor.ivGeneratorClassname, using default value: org.jasypt.salt.NoOpIVGenerator
19-08-2019 19:04:45.531 [main] INFO  c.u.j.encryptor.DefaultLazyEncryptor.getProperty - Encryptor config not found for property jasypt.encryptor.stringOutputType, using default value: base64
19-08-2019 19:04:46.752 [main] INFO  o.s.s.c.ThreadPoolTaskExecutor.initialize - Initializing ExecutorService 'applicationTaskExecutor'
19-08-2019 19:04:48.111 [main] INFO  o.s.b.a.e.web.EndpointLinksResolver.<init> - Exposing 2 endpoint(s) beneath base path '/actuator'
19-08-2019 19:04:48.500 [main] INFO  c.l.l.route.SimpleCamelRoute.configure - Starting the Camel Route
19-08-2019 19:04:48.550 [main] INFO  c.l.l.route.SimpleCamelRoute.configure - Ending the Camel Route
19-08-2019 19:04:48.551 [main] INFO  o.a.c.spring.boot.RoutesCollector.loadXmlRoutes - Loading additional Camel XML routes from: classpath:camel/*.xml
19-08-2019 19:04:48.551 [main] INFO  o.a.c.spring.boot.RoutesCollector.loadXmlRests - Loading additional Camel XML rests from: classpath:camel-rest/*.xml
19-08-2019 19:04:48.554 [main] INFO  o.a.camel.spring.SpringCamelContext.start - Apache Camel 2.24.0 (CamelContext: camel-1) is starting
19-08-2019 19:04:48.555 [main] INFO  o.a.c.m.ManagedManagementStrategy.doStart - JMX is enabled
19-08-2019 19:04:49.238 [main] INFO  o.a.camel.spring.SpringCamelContext.doStartCamel - StreamCaching is not in use. If using streams then its recommended to enable stream caching. See more details at http://camel.apache.org/stream-caching.html
19-08-2019 19:04:49.732 [main] INFO  o.a.camel.spring.SpringCamelContext.doStartOrResumeRouteConsumers - Route: healthRoute started and consuming from: timer://healthRoute?period=10s
19-08-2019 19:04:49.736 [main] INFO  o.a.camel.spring.SpringCamelContext.doStartOrResumeRouteConsumers - Route: mainRoute started and consuming from: timer://hello?period=10s
19-08-2019 19:04:49.743 [main] INFO  o.a.camel.spring.SpringCamelContext.start - Total 2 routes, of which 2 are started
19-08-2019 19:04:49.748 [main] INFO  o.a.camel.spring.SpringCamelContext.start - Apache Camel 2.24.0 (CamelContext: camel-1) started in 1.190 seconds
19-08-2019 19:04:49.789 [main] INFO  o.a.coyote.http11.Http11NioProtocol.log - Starting ProtocolHandler ["http-nio-8080"]
19-08-2019 19:04:49.855 [main] INFO  o.s.b.w.e.tomcat.TomcatWebServer.start - Tomcat started on port(s): 8080 (http) with context path ''
19-08-2019 19:04:49.863 [main] INFO  c.l.l.LearnCamelSpringBootApplication.logStarted - Started LearnCamelSpringBootApplication in 15.094 seconds (JVM running for 18.52)
19-08-2019 19:04:50.773 [Camel (camel-1) thread #2 - timer://hello] INFO  mainRoute.log - Timer Invoked and the body is  DEV Environment
19-08-2019 19:04:50.789 [Camel (camel-1) thread #2 - timer://hello] INFO  mainRoute.log - PollEnrich: non-mock env flow and the body is 
19-08-2019 19:04:51.050 [http-nio-8080-exec-1] INFO  o.a.c.c.C.[Tomcat].[localhost].[/].log - Initializing Spring DispatcherServlet 'dispatcherServlet'
19-08-2019 19:04:51.055 [http-nio-8080-exec-1] INFO  o.s.web.servlet.DispatcherServlet.initServletBean - Initializing Servlet 'dispatcherServlet'
19-08-2019 19:04:51.080 [http-nio-8080-exec-1] INFO  o.s.web.servlet.DispatcherServlet.initServletBean - Completed initialization in 25 ms
19-08-2019 19:04:51.232 [http-nio-8080-exec-1] INFO  com.zaxxer.hikari.HikariDataSource.getConnection - HikariPool-1 - Starting...
19-08-2019 19:04:52.046 [http-nio-8080-exec-1] INFO  com.zaxxer.hikari.HikariDataSource.getConnection - HikariPool-1 - Start completed.
19-08-2019 19:04:55.902 [Camel (camel-1) thread #1 - timer://healthRoute] INFO  c.l.l.process.HealthCheckProcessor.process - Health Check String of the APP is: {"status":"UP","details":{"camel":{"status":"UP","details":{"name":"camel-1","version":"2.24.0","uptime":"2.670 seconds","uptimeMillis":2670,"status":"Started"}},"diskSpace":{"status":"UP","details":{"total":527368978432,"free":456528748544,"threshold":10485760}},"db":{"status":"UP","details":{"database":"PostgreSQL","hello":1}},"mail":{"status":"UP","details":{"location":"smtp.gmail.com:587"}}}}
19-08-2019 19:04:55.942 [Camel (camel-1) thread #1 - timer://healthRoute] INFO  c.l.l.process.HealthCheckProcessor.process - map read is: {status=UP, details={camel={status=UP, details={name=camel-1, version=2.24.0, uptime=2.670 seconds, uptimeMillis=2670, status=Started}}, diskSpace={status=UP, details={total=527368978432, free=456528748544, threshold=10485760}}, db={status=UP, details={database=PostgreSQL, hello=1}}, mail={status=UP, details={location=smtp.gmail.com:587}}}}
19-08-2019 19:05:11.696 [Thread-4] INFO  o.a.camel.spring.SpringCamelContext.doStop - Apache Camel 2.24.0 (CamelContext: camel-1) is shutting down
19-08-2019 19:05:11.698 [Thread-4] INFO  o.a.c.impl.DefaultShutdownStrategy.doShutdown - Starting to graceful shutdown 2 routes (timeout 2 seconds)
19-08-2019 19:05:11.706 [Camel (camel-1) thread #3 - ShutdownTask] INFO  o.a.c.impl.DefaultShutdownStrategy.run - Waiting as there are still 2 inflight and pending exchanges to complete, timeout in 2 seconds. Inflights per route: [mainRoute = 1, healthRoute = 1]
19-08-2019 19:05:11.708 [Camel (camel-1) thread #3 - ShutdownTask] INFO  o.a.c.impl.DefaultShutdownStrategy.logInflightExchanges - There are 2 inflight exchanges:
	InflightExchange: [exchangeId=ID-amy-VirtualBox-1566198284744-0-1, fromRouteId=mainRoute, routeId=mainRoute, nodeId=pollEnrich2, elapsed=0, duration=20958]
	InflightExchange: [exchangeId=ID-amy-VirtualBox-1566198284744-0-5, fromRouteId=healthRoute, routeId=healthRoute, nodeId=pollEnrich1, elapsed=0, duration=2645]
19-08-2019 19:05:11.957 [Camel (camel-1) thread #1 - timer://healthRoute] INFO  c.l.l.process.HealthCheckProcessor.process - Health Check String of the APP is: {"status":"UP","details":{"camel":{"status":"UP","details":{"name":"camel-1","version":"2.24.0","uptime":"20.530 seconds","uptimeMillis":20530,"status":"Started"}},"diskSpace":{"status":"UP","details":{"total":527368978432,"free":456528736256,"threshold":10485760}},"db":{"status":"UP","details":{"database":"PostgreSQL","hello":1}},"mail":{"status":"UP","details":{"location":"smtp.gmail.com:587"}}}}
19-08-2019 19:05:11.964 [Camel (camel-1) thread #1 - timer://healthRoute] INFO  c.l.l.process.HealthCheckProcessor.process - map read is: {status=UP, details={camel={status=UP, details={name=camel-1, version=2.24.0, uptime=20.530 seconds, uptimeMillis=20530, status=Started}}, diskSpace={status=UP, details={total=527368978432, free=456528736256, threshold=10485760}}, db={status=UP, details={database=PostgreSQL, hello=1}}, mail={status=UP, details={location=smtp.gmail.com:587}}}}
19-08-2019 19:05:12.709 [Camel (camel-1) thread #3 - ShutdownTask] INFO  o.a.c.impl.DefaultShutdownStrategy.run - Waiting as there are still 1 inflight and pending exchanges to complete, timeout in 1 seconds. Inflights per route: [mainRoute = 1]
19-08-2019 19:05:12.710 [Camel (camel-1) thread #3 - ShutdownTask] INFO  o.a.c.impl.DefaultShutdownStrategy.logInflightExchanges - There are 1 inflight exchanges:
	InflightExchange: [exchangeId=ID-amy-VirtualBox-1566198284744-0-1, fromRouteId=mainRoute, routeId=mainRoute, nodeId=pollEnrich2, elapsed=0, duration=21960]
19-08-2019 19:05:13.705 [Thread-4] WARN  o.a.c.impl.DefaultShutdownStrategy.doShutdown - Timeout occurred during graceful shutdown. Forcing the routes to be shutdown now. Notice: some resources may still be running as graceful shutdown did not complete successfully.
19-08-2019 19:05:13.706 [Thread-4] INFO  o.a.c.impl.DefaultShutdownStrategy.logInflightExchanges - There are 1 inflight exchanges:
	InflightExchange: [exchangeId=ID-amy-VirtualBox-1566198284744-0-1, fromRouteId=mainRoute, routeId=mainRoute, nodeId=pollEnrich2, elapsed=0, duration=22955]
19-08-2019 19:05:13.707 [Camel (camel-1) thread #3 - ShutdownTask] WARN  o.a.c.impl.DefaultShutdownStrategy.run - Interrupted while waiting during graceful shutdown, will force shutdown now.
19-08-2019 19:05:13.707 [Camel (camel-1) thread #3 - ShutdownTask] INFO  o.a.c.impl.DefaultShutdownStrategy.run - Route: mainRoute shutdown complete, was consuming from: timer://hello?period=10s
19-08-2019 19:05:13.708 [Camel (camel-1) thread #3 - ShutdownTask] INFO  o.a.c.impl.DefaultShutdownStrategy.run - Route: healthRoute shutdown complete, was consuming from: timer://healthRoute?period=10s
19-08-2019 19:05:13.723 [Thread-4] INFO  o.a.c.impl.DefaultShutdownStrategy.doShutdown - Graceful shutdown of 2 routes completed in 2 seconds
19-08-2019 19:05:13.749 [Thread-4] WARN  o.a.c.impl.DefaultInflightRepository.doStop - Shutting down while there are still 1 inflight exchanges.
19-08-2019 19:05:13.774 [Thread-4] INFO  o.a.camel.spring.SpringCamelContext.doStop - Apache Camel 2.24.0 (CamelContext: camel-1) uptime 25.220 seconds
19-08-2019 19:05:13.777 [Thread-4] INFO  o.a.camel.spring.SpringCamelContext.doStop - Apache Camel 2.24.0 (CamelContext: camel-1) is shutdown in 2.080 seconds
19-08-2019 19:05:13.791 [Thread-4] INFO  o.s.s.c.ThreadPoolTaskExecutor.shutdown - Shutting down ExecutorService 'applicationTaskExecutor'
19-08-2019 19:05:13.800 [Thread-4] INFO  com.zaxxer.hikari.HikariDataSource.close - HikariPool-1 - Shutdown initiated...
19-08-2019 19:05:13.836 [Thread-4] INFO  com.zaxxer.hikari.HikariDataSource.close - HikariPool-1 - Shutdown completed.
