06-10-2019 01:08:33.397 [Camel (camel-1) thread #1 - KafkaConsumer[inputItemTopic]] INFO  o.a.k.clients.FetchSessionHandler.handleResponse - [Consumer clientId=consumer-1, groupId=itemDev] Node 0 was unable to process the fetch request with (sessionId=825156697, epoch=50627): INVALID_FETCH_SESSION_EPOCH.
06-10-2019 01:38:02.365 [kafka-coordinator-heartbeat-thread | itemDev] INFO  o.a.k.clients.FetchSessionHandler.handleResponse - [Consumer clientId=consumer-1, groupId=itemDev] Node 0 was unable to process the fetch request with (sessionId=170807426, epoch=3526): INVALID_FETCH_SESSION_EPOCH.
06-10-2019 01:55:17.036 [http-nio-8080-exec-7] WARN  o.s.b.a.mail.MailHealthIndicator.health - Mail health check failed
javax.mail.AuthenticationFailedException: 535-5.7.8 Username and Password not accepted. Learn more at
535 5.7.8  https://support.google.com/mail/?p=BadCredentials y7sm9230774pfn.142 - gsmtp

	at com.sun.mail.smtp.SMTPTransport$Authenticator.authenticate(SMTPTransport.java:965)
	at com.sun.mail.smtp.SMTPTransport.authenticate(SMTPTransport.java:876)
	at com.sun.mail.smtp.SMTPTransport.protocolConnect(SMTPTransport.java:780)
	at javax.mail.Service.connect(Service.java:366)
	at org.springframework.mail.javamail.JavaMailSenderImpl.connectTransport(JavaMailSenderImpl.java:517)
	at org.springframework.mail.javamail.JavaMailSenderImpl.testConnection(JavaMailSenderImpl.java:397)
	at org.springframework.boot.actuate.mail.MailHealthIndicator.doHealthCheck(MailHealthIndicator.java:42)
	at org.springframework.boot.actuate.health.AbstractHealthIndicator.health(AbstractHealthIndicator.java:82)
	at org.springframework.boot.actuate.health.CompositeHealthIndicator.health(CompositeHealthIndicator.java:95)
	at org.springframework.boot.actuate.health.HealthEndpoint.health(HealthEndpoint.java:50)
	at org.springframework.boot.actuate.health.HealthEndpointWebExtension.health(HealthEndpointWebExtension.java:53)
	at jdk.internal.reflect.GeneratedMethodAccessor68.invoke(Unknown Source)
	at java.base/jdk.internal.reflect.DelegatingMethodAccessorImpl.invoke(DelegatingMethodAccessorImpl.java:43)
	at java.base/java.lang.reflect.Method.invoke(Method.java:566)
	at org.springframework.util.ReflectionUtils.invokeMethod(ReflectionUtils.java:282)
	at org.springframework.boot.actuate.endpoint.invoke.reflect.ReflectiveOperationInvoker.invoke(ReflectiveOperationInvoker.java:76)
	at org.springframework.boot.actuate.endpoint.annotation.AbstractDiscoveredOperation.invoke(AbstractDiscoveredOperation.java:60)
	at org.springframework.boot.actuate.endpoint.web.servlet.AbstractWebMvcEndpointHandlerMapping$ServletWebOperationAdapter.handle(AbstractWebMvcEndpointHandlerMapping.java:278)
	at org.springframework.boot.actuate.endpoint.web.servlet.AbstractWebMvcEndpointHandlerMapping$OperationHandler.handle(AbstractWebMvcEndpointHandlerMapping.java:334)
	at jdk.internal.reflect.GeneratedMethodAccessor67.invoke(Unknown Source)
	at java.base/jdk.internal.reflect.DelegatingMethodAccessorImpl.invoke(DelegatingMethodAccessorImpl.java:43)
	at java.base/java.lang.reflect.Method.invoke(Method.java:566)
	at org.springframework.web.method.support.InvocableHandlerMethod.doInvoke(InvocableHandlerMethod.java:190)
	at org.springframework.web.method.support.InvocableHandlerMethod.invokeForRequest(InvocableHandlerMethod.java:138)
	at org.springframework.web.servlet.mvc.method.annotation.ServletInvocableHandlerMethod.invokeAndHandle(ServletInvocableHandlerMethod.java:104)
	at org.springframework.web.servlet.mvc.method.annotation.RequestMappingHandlerAdapter.invokeHandlerMethod(RequestMappingHandlerAdapter.java:892)
	at org.springframework.web.servlet.mvc.method.annotation.RequestMappingHandlerAdapter.handleInternal(RequestMappingHandlerAdapter.java:797)
	at org.springframework.web.servlet.mvc.method.AbstractHandlerMethodAdapter.handle(AbstractHandlerMethodAdapter.java:87)
	at org.springframework.web.servlet.DispatcherServlet.doDispatch(DispatcherServlet.java:1039)
	at org.springframework.web.servlet.DispatcherServlet.doService(DispatcherServlet.java:942)
	at org.springframework.web.servlet.FrameworkServlet.processRequest(FrameworkServlet.java:1005)
	at org.springframework.web.servlet.FrameworkServlet.doGet(FrameworkServlet.java:897)
	at javax.servlet.http.HttpServlet.service(HttpServlet.java:645)
	at org.springframework.web.servlet.FrameworkServlet.service(FrameworkServlet.java:882)
	at javax.servlet.http.HttpServlet.service(HttpServlet.java:750)
	at org.apache.catalina.core.ApplicationFilterChain.internalDoFilter(ApplicationFilterChain.java:231)
	at org.apache.catalina.core.ApplicationFilterChain.doFilter(ApplicationFilterChain.java:166)
	at org.apache.tomcat.websocket.server.WsFilter.doFilter(WsFilter.java:53)
	at org.apache.catalina.core.ApplicationFilterChain.internalDoFilter(ApplicationFilterChain.java:193)
	at org.apache.catalina.core.ApplicationFilterChain.doFilter(ApplicationFilterChain.java:166)
	at org.springframework.boot.actuate.web.trace.servlet.HttpTraceFilter.doFilterInternal(HttpTraceFilter.java:88)
	at org.springframework.web.filter.OncePerRequestFilter.doFilter(OncePerRequestFilter.java:109)
	at org.apache.catalina.core.ApplicationFilterChain.internalDoFilter(ApplicationFilterChain.java:193)
	at org.apache.catalina.core.ApplicationFilterChain.doFilter(ApplicationFilterChain.java:166)
	at org.springframework.web.filter.RequestContextFilter.doFilterInternal(RequestContextFilter.java:99)
	at org.springframework.web.filter.OncePerRequestFilter.doFilter(OncePerRequestFilter.java:109)
	at org.apache.catalina.core.ApplicationFilterChain.internalDoFilter(ApplicationFilterChain.java:193)
	at org.apache.catalina.core.ApplicationFilterChain.doFilter(ApplicationFilterChain.java:166)
	at org.springframework.web.filter.FormContentFilter.doFilterInternal(FormContentFilter.java:92)
	at org.springframework.web.filter.OncePerRequestFilter.doFilter(OncePerRequestFilter.java:109)
	at org.apache.catalina.core.ApplicationFilterChain.internalDoFilter(ApplicationFilterChain.java:193)
	at org.apache.catalina.core.ApplicationFilterChain.doFilter(ApplicationFilterChain.java:166)
	at org.springframework.web.filter.HiddenHttpMethodFilter.doFilterInternal(HiddenHttpMethodFilter.java:93)
	at org.springframework.web.filter.OncePerRequestFilter.doFilter(OncePerRequestFilter.java:109)
	at org.apache.catalina.core.ApplicationFilterChain.internalDoFilter(ApplicationFilterChain.java:193)
	at org.apache.catalina.core.ApplicationFilterChain.doFilter(ApplicationFilterChain.java:166)
	at org.springframework.boot.actuate.metrics.web.servlet.WebMvcMetricsFilter.filterAndRecordMetrics(WebMvcMetricsFilter.java:114)
	at org.springframework.boot.actuate.metrics.web.servlet.WebMvcMetricsFilter.doFilterInternal(WebMvcMetricsFilter.java:104)
	at org.springframework.web.filter.OncePerRequestFilter.doFilter(OncePerRequestFilter.java:109)
	at org.apache.catalina.core.ApplicationFilterChain.internalDoFilter(ApplicationFilterChain.java:193)
	at org.apache.catalina.core.ApplicationFilterChain.doFilter(ApplicationFilterChain.java:166)
	at org.springframework.web.filter.CharacterEncodingFilter.doFilterInternal(CharacterEncodingFilter.java:200)
	at org.springframework.web.filter.OncePerRequestFilter.doFilter(OncePerRequestFilter.java:109)
	at org.apache.catalina.core.ApplicationFilterChain.internalDoFilter(ApplicationFilterChain.java:193)
	at org.apache.catalina.core.ApplicationFilterChain.doFilter(ApplicationFilterChain.java:166)
	at org.apache.catalina.core.StandardWrapperValve.invoke(StandardWrapperValve.java:202)
	at org.apache.catalina.core.StandardContextValve.invoke(StandardContextValve.java:96)
	at org.apache.catalina.authenticator.AuthenticatorBase.invoke(AuthenticatorBase.java:490)
	at org.apache.catalina.core.StandardHostValve.invoke(StandardHostValve.java:139)
	at org.apache.catalina.valves.ErrorReportValve.invoke(ErrorReportValve.java:92)
	at org.apache.catalina.core.StandardEngineValve.invoke(StandardEngineValve.java:74)
	at org.apache.catalina.connector.CoyoteAdapter.service(CoyoteAdapter.java:343)
	at org.apache.coyote.http11.Http11Processor.service(Http11Processor.java:408)
	at org.apache.coyote.AbstractProcessorLight.process(AbstractProcessorLight.java:66)
	at org.apache.coyote.AbstractProtocol$ConnectionHandler.process(AbstractProtocol.java:853)
	at org.apache.tomcat.util.net.NioEndpoint$SocketProcessor.doRun(NioEndpoint.java:1587)
	at org.apache.tomcat.util.net.SocketProcessorBase.run(SocketProcessorBase.java:49)
	at java.base/java.util.concurrent.ThreadPoolExecutor.runWorker(ThreadPoolExecutor.java:1128)
	at java.base/java.util.concurrent.ThreadPoolExecutor$Worker.run(ThreadPoolExecutor.java:628)
	at org.apache.tomcat.util.threads.TaskThread$WrappingRunnable.run(TaskThread.java:61)
	at java.base/java.lang.Thread.run(Thread.java:834)
06-10-2019 01:55:17.106 [Camel (camel-1) thread #2 - timer://healthRoute] INFO  c.l.l.process.HealthCheckProcessor.process - Exception message is: mail component in the route is down
06-10-2019 01:55:17.107 [Camel (camel-1) thread #2 - timer://healthRoute] INFO  c.l.l.alert.MailProcessor.process - Exception Caught in mail processor: 
06-10-2019 06:13:39.751 [kafka-coordinator-heartbeat-thread | itemDev] INFO  o.a.k.clients.FetchSessionHandler.handleResponse - [Consumer clientId=consumer-1, groupId=itemDev] Node 0 was unable to process the fetch request with (sessionId=220053596, epoch=32976): INVALID_FETCH_SESSION_EPOCH.
06-10-2019 11:52:52.572 [kafka-coordinator-heartbeat-thread | itemDev] INFO  o.a.k.c.c.i.AbstractCoordinator.markCoordinatorUnknown - [Consumer clientId=consumer-1, groupId=itemDev] Group coordinator localhost:9092 (id: 2147483647 rack: null) is unavailable or invalid, will attempt rediscovery
06-10-2019 11:52:52.606 [Camel (camel-1) thread #1 - KafkaConsumer[inputItemTopic]] INFO  o.a.k.clients.FetchSessionHandler.handleError - [Consumer clientId=consumer-1, groupId=itemDev] Error sending fetch request (sessionId=522709369, epoch=34878) to node 0: org.apache.kafka.common.errors.DisconnectException.
06-10-2019 11:52:52.668 [Camel (camel-1) thread #1 - KafkaConsumer[inputItemTopic]] INFO  o.a.k.c.c.i.AbstractCoordinator.onSuccess - [Consumer clientId=consumer-1, groupId=itemDev] Discovered group coordinator localhost:9092 (id: 2147483647 rack: null)
06-10-2019 11:52:53.283 [http-nio-8080-exec-7] WARN  o.s.b.a.mail.MailHealthIndicator.health - Mail health check failed
javax.mail.AuthenticationFailedException: 
	at com.sun.mail.smtp.SMTPTransport$Authenticator.authenticate(SMTPTransport.java:960)
	at com.sun.mail.smtp.SMTPTransport.authenticate(SMTPTransport.java:876)
	at com.sun.mail.smtp.SMTPTransport.protocolConnect(SMTPTransport.java:780)
	at javax.mail.Service.connect(Service.java:366)
	at org.springframework.mail.javamail.JavaMailSenderImpl.connectTransport(JavaMailSenderImpl.java:517)
	at org.springframework.mail.javamail.JavaMailSenderImpl.testConnection(JavaMailSenderImpl.java:397)
	at org.springframework.boot.actuate.mail.MailHealthIndicator.doHealthCheck(MailHealthIndicator.java:42)
	at org.springframework.boot.actuate.health.AbstractHealthIndicator.health(AbstractHealthIndicator.java:82)
	at org.springframework.boot.actuate.health.CompositeHealthIndicator.health(CompositeHealthIndicator.java:95)
	at org.springframework.boot.actuate.health.HealthEndpoint.health(HealthEndpoint.java:50)
	at org.springframework.boot.actuate.health.HealthEndpointWebExtension.health(HealthEndpointWebExtension.java:53)
	at jdk.internal.reflect.GeneratedMethodAccessor68.invoke(Unknown Source)
	at java.base/jdk.internal.reflect.DelegatingMethodAccessorImpl.invoke(DelegatingMethodAccessorImpl.java:43)
	at java.base/java.lang.reflect.Method.invoke(Method.java:566)
	at org.springframework.util.ReflectionUtils.invokeMethod(ReflectionUtils.java:282)
	at org.springframework.boot.actuate.endpoint.invoke.reflect.ReflectiveOperationInvoker.invoke(ReflectiveOperationInvoker.java:76)
	at org.springframework.boot.actuate.endpoint.annotation.AbstractDiscoveredOperation.invoke(AbstractDiscoveredOperation.java:60)
	at org.springframework.boot.actuate.endpoint.web.servlet.AbstractWebMvcEndpointHandlerMapping$ServletWebOperationAdapter.handle(AbstractWebMvcEndpointHandlerMapping.java:278)
	at org.springframework.boot.actuate.endpoint.web.servlet.AbstractWebMvcEndpointHandlerMapping$OperationHandler.handle(AbstractWebMvcEndpointHandlerMapping.java:334)
	at jdk.internal.reflect.GeneratedMethodAccessor67.invoke(Unknown Source)
	at java.base/jdk.internal.reflect.DelegatingMethodAccessorImpl.invoke(DelegatingMethodAccessorImpl.java:43)
	at java.base/java.lang.reflect.Method.invoke(Method.java:566)
	at org.springframework.web.method.support.InvocableHandlerMethod.doInvoke(InvocableHandlerMethod.java:190)
	at org.springframework.web.method.support.InvocableHandlerMethod.invokeForRequest(InvocableHandlerMethod.java:138)
	at org.springframework.web.servlet.mvc.method.annotation.ServletInvocableHandlerMethod.invokeAndHandle(ServletInvocableHandlerMethod.java:104)
	at org.springframework.web.servlet.mvc.method.annotation.RequestMappingHandlerAdapter.invokeHandlerMethod(RequestMappingHandlerAdapter.java:892)
	at org.springframework.web.servlet.mvc.method.annotation.RequestMappingHandlerAdapter.handleInternal(RequestMappingHandlerAdapter.java:797)
	at org.springframework.web.servlet.mvc.method.AbstractHandlerMethodAdapter.handle(AbstractHandlerMethodAdapter.java:87)
	at org.springframework.web.servlet.DispatcherServlet.doDispatch(DispatcherServlet.java:1039)
	at org.springframework.web.servlet.DispatcherServlet.doService(DispatcherServlet.java:942)
	at org.springframework.web.servlet.FrameworkServlet.processRequest(FrameworkServlet.java:1005)
	at org.springframework.web.servlet.FrameworkServlet.doGet(FrameworkServlet.java:897)
	at javax.servlet.http.HttpServlet.service(HttpServlet.java:645)
	at org.springframework.web.servlet.FrameworkServlet.service(FrameworkServlet.java:882)
	at javax.servlet.http.HttpServlet.service(HttpServlet.java:750)
	at org.apache.catalina.core.ApplicationFilterChain.internalDoFilter(ApplicationFilterChain.java:231)
	at org.apache.catalina.core.ApplicationFilterChain.doFilter(ApplicationFilterChain.java:166)
	at org.apache.tomcat.websocket.server.WsFilter.doFilter(WsFilter.java:53)
	at org.apache.catalina.core.ApplicationFilterChain.internalDoFilter(ApplicationFilterChain.java:193)
	at org.apache.catalina.core.ApplicationFilterChain.doFilter(ApplicationFilterChain.java:166)
	at org.springframework.boot.actuate.web.trace.servlet.HttpTraceFilter.doFilterInternal(HttpTraceFilter.java:88)
	at org.springframework.web.filter.OncePerRequestFilter.doFilter(OncePerRequestFilter.java:109)
	at org.apache.catalina.core.ApplicationFilterChain.internalDoFilter(ApplicationFilterChain.java:193)
	at org.apache.catalina.core.ApplicationFilterChain.doFilter(ApplicationFilterChain.java:166)
	at org.springframework.web.filter.RequestContextFilter.doFilterInternal(RequestContextFilter.java:99)
	at org.springframework.web.filter.OncePerRequestFilter.doFilter(OncePerRequestFilter.java:109)
	at org.apache.catalina.core.ApplicationFilterChain.internalDoFilter(ApplicationFilterChain.java:193)
	at org.apache.catalina.core.ApplicationFilterChain.doFilter(ApplicationFilterChain.java:166)
	at org.springframework.web.filter.FormContentFilter.doFilterInternal(FormContentFilter.java:92)
	at org.springframework.web.filter.OncePerRequestFilter.doFilter(OncePerRequestFilter.java:109)
	at org.apache.catalina.core.ApplicationFilterChain.internalDoFilter(ApplicationFilterChain.java:193)
	at org.apache.catalina.core.ApplicationFilterChain.doFilter(ApplicationFilterChain.java:166)
	at org.springframework.web.filter.HiddenHttpMethodFilter.doFilterInternal(HiddenHttpMethodFilter.java:93)
	at org.springframework.web.filter.OncePerRequestFilter.doFilter(OncePerRequestFilter.java:109)
	at org.apache.catalina.core.ApplicationFilterChain.internalDoFilter(ApplicationFilterChain.java:193)
	at org.apache.catalina.core.ApplicationFilterChain.doFilter(ApplicationFilterChain.java:166)
	at org.springframework.boot.actuate.metrics.web.servlet.WebMvcMetricsFilter.filterAndRecordMetrics(WebMvcMetricsFilter.java:114)
	at org.springframework.boot.actuate.metrics.web.servlet.WebMvcMetricsFilter.doFilterInternal(WebMvcMetricsFilter.java:104)
	at org.springframework.web.filter.OncePerRequestFilter.doFilter(OncePerRequestFilter.java:109)
	at org.apache.catalina.core.ApplicationFilterChain.internalDoFilter(ApplicationFilterChain.java:193)
	at org.apache.catalina.core.ApplicationFilterChain.doFilter(ApplicationFilterChain.java:166)
	at org.springframework.web.filter.CharacterEncodingFilter.doFilterInternal(CharacterEncodingFilter.java:200)
	at org.springframework.web.filter.OncePerRequestFilter.doFilter(OncePerRequestFilter.java:109)
	at org.apache.catalina.core.ApplicationFilterChain.internalDoFilter(ApplicationFilterChain.java:193)
	at org.apache.catalina.core.ApplicationFilterChain.doFilter(ApplicationFilterChain.java:166)
	at org.apache.catalina.core.StandardWrapperValve.invoke(StandardWrapperValve.java:202)
	at org.apache.catalina.core.StandardContextValve.invoke(StandardContextValve.java:96)
	at org.apache.catalina.authenticator.AuthenticatorBase.invoke(AuthenticatorBase.java:490)
	at org.apache.catalina.core.StandardHostValve.invoke(StandardHostValve.java:139)
	at org.apache.catalina.valves.ErrorReportValve.invoke(ErrorReportValve.java:92)
	at org.apache.catalina.core.StandardEngineValve.invoke(StandardEngineValve.java:74)
	at org.apache.catalina.connector.CoyoteAdapter.service(CoyoteAdapter.java:343)
	at org.apache.coyote.http11.Http11Processor.service(Http11Processor.java:408)
	at org.apache.coyote.AbstractProcessorLight.process(AbstractProcessorLight.java:66)
	at org.apache.coyote.AbstractProtocol$ConnectionHandler.process(AbstractProtocol.java:853)
	at org.apache.tomcat.util.net.NioEndpoint$SocketProcessor.doRun(NioEndpoint.java:1587)
	at org.apache.tomcat.util.net.SocketProcessorBase.run(SocketProcessorBase.java:49)
	at java.base/java.util.concurrent.ThreadPoolExecutor.runWorker(ThreadPoolExecutor.java:1128)
	at java.base/java.util.concurrent.ThreadPoolExecutor$Worker.run(ThreadPoolExecutor.java:628)
	at org.apache.tomcat.util.threads.TaskThread$WrappingRunnable.run(TaskThread.java:61)
	at java.base/java.lang.Thread.run(Thread.java:834)
Caused by: javax.mail.MessagingException: Exception reading response
	at com.sun.mail.smtp.SMTPTransport.readServerResponse(SMTPTransport.java:2460)
	at com.sun.mail.smtp.SMTPTransport.simpleCommand(SMTPTransport.java:2390)
	at com.sun.mail.smtp.SMTPTransport$LoginAuthenticator.doAuth(SMTPTransport.java:1001)
	at com.sun.mail.smtp.SMTPTransport$Authenticator.authenticate(SMTPTransport.java:942)
	... 80 common frames omitted
Caused by: javax.net.ssl.SSLProtocolException: Connection reset
	at java.base/sun.security.ssl.Alert.createSSLException(Alert.java:126)
	at java.base/sun.security.ssl.TransportContext.fatal(TransportContext.java:321)
	at java.base/sun.security.ssl.TransportContext.fatal(TransportContext.java:264)
	at java.base/sun.security.ssl.TransportContext.fatal(TransportContext.java:259)
	at java.base/sun.security.ssl.SSLSocketImpl.handleException(SSLSocketImpl.java:1314)
	at java.base/sun.security.ssl.SSLSocketImpl$AppInputStream.read(SSLSocketImpl.java:839)
	at com.sun.mail.util.TraceInputStream.read(TraceInputStream.java:126)
	at java.base/java.io.BufferedInputStream.fill(BufferedInputStream.java:252)
	at java.base/java.io.BufferedInputStream.read(BufferedInputStream.java:271)
	at com.sun.mail.util.LineInputStream.readLine(LineInputStream.java:106)
	at com.sun.mail.smtp.SMTPTransport.readServerResponse(SMTPTransport.java:2440)
	... 83 common frames omitted
Caused by: java.net.SocketException: Connection reset
	at java.base/java.net.SocketInputStream.read(SocketInputStream.java:186)
	at java.base/java.net.SocketInputStream.read(SocketInputStream.java:140)
	at java.base/sun.security.ssl.SSLSocketInputRecord.read(SSLSocketInputRecord.java:448)
	at java.base/sun.security.ssl.SSLSocketInputRecord.bytesInCompletePacket(SSLSocketInputRecord.java:68)
	at java.base/sun.security.ssl.SSLSocketImpl.readApplicationRecord(SSLSocketImpl.java:1104)
	at java.base/sun.security.ssl.SSLSocketImpl$AppInputStream.read(SSLSocketImpl.java:823)
	... 88 common frames omitted
06-10-2019 11:52:53.287 [Camel (camel-1) thread #2 - timer://healthRoute] INFO  c.l.l.process.HealthCheckProcessor.process - Exception message is: mail component in the route is down
06-10-2019 11:52:53.288 [Camel (camel-1) thread #2 - timer://healthRoute] INFO  c.l.l.alert.MailProcessor.process - Exception Caught in mail processor: 
06-10-2019 12:41:40.266 [Camel (camel-1) thread #1 - KafkaConsumer[inputItemTopic]] INFO  route1.log - Read message from Kafka: 12345
06-10-2019 12:41:40.272 [Camel (camel-1) thread #1 - KafkaConsumer[inputItemTopic]] ERROR route1.log - RuntimeException in the route 12345
06-10-2019 12:41:52.010 [kafka-coordinator-heartbeat-thread | itemDev] INFO  o.a.k.c.c.i.AbstractCoordinator.markCoordinatorUnknown - [Consumer clientId=consumer-1, groupId=itemDev] Group coordinator localhost:9092 (id: 2147483647 rack: null) is unavailable or invalid, will attempt rediscovery
06-10-2019 15:14:38.665 [kafka-coordinator-heartbeat-thread | itemDev] INFO  o.a.k.c.c.i.AbstractCoordinator.onSuccess - [Consumer clientId=consumer-1, groupId=itemDev] Discovered group coordinator localhost:9092 (id: 2147483647 rack: null)
06-10-2019 15:14:38.666 [Camel (camel-1) thread #1 - KafkaConsumer[inputItemTopic]] INFO  c.l.l.alert.MailProcessor.process - Exception Caught in mail processor: 
06-10-2019 15:14:38.672 [HikariPool-1 housekeeper] WARN  com.zaxxer.hikari.pool.HikariPool.run - HikariPool-1 - Thread starvation or clock leap detected (housekeeper delta=24m43s30ms816µs351ns).
06-10-2019 15:14:38.927 [Thread-4] INFO  o.a.camel.spring.SpringCamelContext.doStop - Apache Camel 2.24.0 (CamelContext: camel-1) is shutting down
06-10-2019 15:14:38.935 [Thread-4] INFO  o.a.c.impl.DefaultShutdownStrategy.doShutdown - Starting to graceful shutdown 3 routes (timeout 2 seconds)
06-10-2019 15:14:38.944 [Camel (camel-1) thread #5 - ShutdownTask] INFO  o.a.c.component.kafka.KafkaConsumer.doStop - Stopping Kafka consumer on topic: inputItemTopic
06-10-2019 15:14:40.944 [Thread-4] WARN  o.a.c.impl.DefaultShutdownStrategy.doShutdown - Timeout occurred during graceful shutdown. Forcing the routes to be shutdown now. Notice: some resources may still be running as graceful shutdown did not complete successfully.
06-10-2019 15:14:40.944 [Camel (camel-1) thread #5 - ShutdownTask] WARN  o.a.c.i.DefaultExecutorServiceManager.doShutdown - Forcing shutdown of ExecutorService: org.apache.camel.util.concurrent.RejectableThreadPoolExecutor@523f3c29[Shutting down, pool size = 1, active threads = 1, queued tasks = 0, completed tasks = 0][KafkaConsumer[inputItemTopic]] due interrupted.
06-10-2019 15:14:40.946 [Camel (camel-1) thread #5 - ShutdownTask] INFO  o.a.c.i.DefaultExecutorServiceManager.doShutdown - Shutdown of ExecutorService: org.apache.camel.util.concurrent.RejectableThreadPoolExecutor@523f3c29[Shutting down, pool size = 1, active threads = 1, queued tasks = 0, completed tasks = 0][KafkaConsumer[inputItemTopic]] is shutdown: true and terminated: false took: 1.999 seconds.
06-10-2019 15:14:40.950 [Camel (camel-1) thread #5 - ShutdownTask] INFO  o.a.c.impl.DefaultShutdownStrategy.run - Route: route1 shutdown complete, was consuming from: kafka://inputItemTopic?autoOffsetReset=earliest&brokers=localhost%3A9092&consumersCount=1&groupId=itemDev
06-10-2019 15:14:40.952 [Thread-4] INFO  o.a.c.impl.DefaultShutdownStrategy.logInflightExchanges - There are 3 inflight exchanges:
	InflightExchange: [exchangeId=ID-amy-VirtualBox-1570245141340-0-14188, fromRouteId=route1, routeId=route1, nodeId=process3, elapsed=0, duration=9180685]
	InflightExchange: [exchangeId=ID-amy-VirtualBox-1570245141340-0-14191, fromRouteId=healthRoute, routeId=healthRoute, nodeId=pollEnrich1, elapsed=0, duration=2256]
	InflightExchange: [exchangeId=ID-amy-VirtualBox-1570245141340-0-4, fromRouteId=mainRoute, routeId=mainRoute, nodeId=pollEnrich2, elapsed=0, duration=82931855]
06-10-2019 15:14:40.955 [Camel (camel-1) thread #5 - ShutdownTask] INFO  o.a.c.impl.DefaultShutdownStrategy.run - Route: mainRoute shutdown complete, was consuming from: timer://hello?period=10s
06-10-2019 15:14:40.961 [Camel (camel-1) thread #5 - ShutdownTask] INFO  o.a.c.impl.DefaultShutdownStrategy.run - Route: healthRoute shutdown complete, was consuming from: timer://healthRoute?period=10s
06-10-2019 15:14:40.969 [Thread-4] INFO  o.a.c.impl.DefaultShutdownStrategy.doShutdown - Graceful shutdown of 3 routes completed in 2 seconds
06-10-2019 15:14:40.987 [Thread-4] WARN  o.a.c.impl.DefaultInflightRepository.doStop - Shutting down while there are still 3 inflight exchanges.
06-10-2019 15:14:41.006 [Thread-4] INFO  o.a.camel.spring.SpringCamelContext.doStop - Apache Camel 2.24.0 (CamelContext: camel-1) uptime 23 hours 2 minutes
06-10-2019 15:14:41.009 [Thread-4] INFO  o.a.camel.spring.SpringCamelContext.doStop - Apache Camel 2.24.0 (CamelContext: camel-1) is shutdown in 2.081 seconds
06-10-2019 15:14:41.017 [Thread-4] INFO  o.s.s.c.ThreadPoolTaskExecutor.shutdown - Shutting down ExecutorService 'applicationTaskExecutor'
06-10-2019 15:14:41.029 [Thread-4] INFO  com.zaxxer.hikari.HikariDataSource.close - HikariPool-1 - Shutdown initiated...
06-10-2019 15:14:41.084 [Thread-4] INFO  com.zaxxer.hikari.HikariDataSource.close - HikariPool-1 - Shutdown completed.
06-10-2019 15:14:41.169 [Camel (camel-1) thread #3 - timer://hello] WARN  o.a.c.component.timer.TimerConsumer.log - Error processing exchange. Exchange[ID-amy-VirtualBox-1570245141340-0-4]. Caused by: [java.util.concurrent.RejectedExecutionException - Run not allowed as ShutdownStrategy is forcing shutting down, will reject executing exchange: Exchange[ID-amy-VirtualBox-1570245141340-0-4]]
java.util.concurrent.RejectedExecutionException: Run not allowed as ShutdownStrategy is forcing shutting down, will reject executing exchange: Exchange[ID-amy-VirtualBox-1570245141340-0-4]
	at org.apache.camel.processor.CamelInternalProcessor.continueProcessing(CamelInternalProcessor.java:289)
	at org.apache.camel.processor.CamelInternalProcessor.process(CamelInternalProcessor.java:137)
	at org.apache.camel.processor.Pipeline.process(Pipeline.java:138)
	at org.apache.camel.processor.Pipeline.process(Pipeline.java:101)
	at org.apache.camel.processor.CamelInternalProcessor.process(CamelInternalProcessor.java:201)
	at org.apache.camel.component.timer.TimerConsumer.sendTimerExchange(TimerConsumer.java:197)
	at org.apache.camel.component.timer.TimerConsumer$1.run(TimerConsumer.java:79)
	at java.base/java.util.TimerThread.mainLoop(Timer.java:556)
	at java.base/java.util.TimerThread.run(Timer.java:506)
06-10-2019 15:14:41.642 [Camel (camel-1) thread #2 - timer://healthRoute] WARN  o.a.c.component.timer.TimerConsumer.log - Error processing exchange. Exchange[ID-amy-VirtualBox-1570245141340-0-14191]. Caused by: [java.util.concurrent.RejectedExecutionException - Run not allowed as ShutdownStrategy is forcing shutting down, will reject executing exchange: Exchange[ID-amy-VirtualBox-1570245141340-0-14191]]
java.util.concurrent.RejectedExecutionException: Run not allowed as ShutdownStrategy is forcing shutting down, will reject executing exchange: Exchange[ID-amy-VirtualBox-1570245141340-0-14191]
	at org.apache.camel.processor.CamelInternalProcessor.continueProcessing(CamelInternalProcessor.java:289)
	at org.apache.camel.processor.CamelInternalProcessor.process(CamelInternalProcessor.java:137)
	at org.apache.camel.processor.Pipeline.process(Pipeline.java:138)
	at org.apache.camel.processor.Pipeline.process(Pipeline.java:101)
	at org.apache.camel.processor.CamelInternalProcessor.process(CamelInternalProcessor.java:201)
	at org.apache.camel.component.timer.TimerConsumer.sendTimerExchange(TimerConsumer.java:197)
	at org.apache.camel.component.timer.TimerConsumer$1.run(TimerConsumer.java:79)
	at java.base/java.util.TimerThread.mainLoop(Timer.java:556)
	at java.base/java.util.TimerThread.run(Timer.java:506)
06-10-2019 15:15:07.749 [main] ERROR o.s.boot.SpringApplication.reportFailure - Application run failed
java.lang.IllegalStateException: Failed to load property source from location 'classpath:/application.yml'
	at org.springframework.boot.context.config.ConfigFileApplicationListener$Loader.load(ConfigFileApplicationListener.java:524)
	at org.springframework.boot.context.config.ConfigFileApplicationListener$Loader.loadForFileExtension(ConfigFileApplicationListener.java:473)
	at org.springframework.boot.context.config.ConfigFileApplicationListener$Loader.load(ConfigFileApplicationListener.java:443)
	at org.springframework.boot.context.config.ConfigFileApplicationListener$Loader.lambda$null$6(ConfigFileApplicationListener.java:425)
	at java.base/java.lang.Iterable.forEach(Iterable.java:75)
	at org.springframework.boot.context.config.ConfigFileApplicationListener$Loader.lambda$load$7(ConfigFileApplicationListener.java:425)
	at java.base/java.lang.Iterable.forEach(Iterable.java:75)
	at org.springframework.boot.context.config.ConfigFileApplicationListener$Loader.load(ConfigFileApplicationListener.java:422)
	at org.springframework.boot.context.config.ConfigFileApplicationListener$Loader.load(ConfigFileApplicationListener.java:321)
	at org.springframework.boot.context.config.ConfigFileApplicationListener.addPropertySources(ConfigFileApplicationListener.java:202)
	at org.springframework.boot.context.config.ConfigFileApplicationListener.postProcessEnvironment(ConfigFileApplicationListener.java:186)
	at org.springframework.boot.context.config.ConfigFileApplicationListener.onApplicationEnvironmentPreparedEvent(ConfigFileApplicationListener.java:176)
	at org.springframework.boot.context.config.ConfigFileApplicationListener.onApplicationEvent(ConfigFileApplicationListener.java:164)
	at org.springframework.context.event.SimpleApplicationEventMulticaster.doInvokeListener(SimpleApplicationEventMulticaster.java:172)
	at org.springframework.context.event.SimpleApplicationEventMulticaster.invokeListener(SimpleApplicationEventMulticaster.java:165)
	at org.springframework.context.event.SimpleApplicationEventMulticaster.multicastEvent(SimpleApplicationEventMulticaster.java:139)
	at org.springframework.context.event.SimpleApplicationEventMulticaster.multicastEvent(SimpleApplicationEventMulticaster.java:127)
	at org.springframework.boot.context.event.EventPublishingRunListener.environmentPrepared(EventPublishingRunListener.java:75)
	at org.springframework.boot.SpringApplicationRunListeners.environmentPrepared(SpringApplicationRunListeners.java:53)
	at org.springframework.boot.SpringApplication.prepareEnvironment(SpringApplication.java:340)
	at org.springframework.boot.SpringApplication.run(SpringApplication.java:304)
	at org.springframework.boot.SpringApplication.run(SpringApplication.java:1213)
	at org.springframework.boot.SpringApplication.run(SpringApplication.java:1202)
	at com.learncamel.learncamelspringboot.LearnCamelSpringBootApplication.main(LearnCamelSpringBootApplication.java:12)
Caused by: org.yaml.snakeyaml.scanner.ScannerException: mapping values are not allowed here
 in 'reader', line 61, column 18:
      kafkaSelectNode: mock:output5
                     ^

	at org.yaml.snakeyaml.scanner.ScannerImpl.fetchValue(ScannerImpl.java:870)
	at org.yaml.snakeyaml.scanner.ScannerImpl.fetchMoreTokens(ScannerImpl.java:358)
	at org.yaml.snakeyaml.scanner.ScannerImpl.checkToken(ScannerImpl.java:227)
	at org.yaml.snakeyaml.parser.ParserImpl$ParseBlockMappingKey.produce(ParserImpl.java:558)
	at org.yaml.snakeyaml.parser.ParserImpl.peekEvent(ParserImpl.java:158)
	at org.yaml.snakeyaml.parser.ParserImpl.checkEvent(ParserImpl.java:148)
	at org.yaml.snakeyaml.composer.Composer.composeMappingNode(Composer.java:214)
	at org.yaml.snakeyaml.composer.Composer.composeNode(Composer.java:144)
	at org.yaml.snakeyaml.composer.Composer.getNode(Composer.java:85)
	at org.yaml.snakeyaml.constructor.BaseConstructor.getData(BaseConstructor.java:123)
	at org.yaml.snakeyaml.Yaml$1.next(Yaml.java:547)
	at org.springframework.beans.factory.config.YamlProcessor.process(YamlProcessor.java:160)
	at org.springframework.beans.factory.config.YamlProcessor.process(YamlProcessor.java:134)
	at org.springframework.boot.env.OriginTrackedYamlLoader.load(OriginTrackedYamlLoader.java:75)
	at org.springframework.boot.env.YamlPropertySourceLoader.load(YamlPropertySourceLoader.java:49)
	at org.springframework.boot.context.config.ConfigFileApplicationListener$Loader.loadDocuments(ConfigFileApplicationListener.java:542)
	at org.springframework.boot.context.config.ConfigFileApplicationListener$Loader.load(ConfigFileApplicationListener.java:497)
	... 23 common frames omitted
06-10-2019 15:15:42.766 [main] INFO  c.l.l.LearnCamelSpringBootApplication.logStarting - Starting LearnCamelSpringBootApplication on amy-VirtualBox with PID 22480 (/home/amy/IdeaProjects/learncamel-spring-boot/out/production/classes started by amy in /home/amy/IdeaProjects/learncamel-spring-boot)
06-10-2019 15:15:42.795 [main] INFO  c.l.l.LearnCamelSpringBootApplication.logStartupProfileInfo - The following profiles are active: dev
06-10-2019 15:15:47.727 [main] INFO  c.u.j.c.EnableEncryptablePropertiesBeanFactoryPostProcessor.postProcessBeanFactory - Post-processing PropertySource instances
06-10-2019 15:15:47.911 [main] INFO  c.u.j.EncryptablePropertySourceConverter.makeEncryptable - Converting PropertySource configurationProperties [org.springframework.boot.context.properties.source.ConfigurationPropertySourcesPropertySource] to AOP Proxy
06-10-2019 15:15:47.917 [main] INFO  c.u.j.EncryptablePropertySourceConverter.makeEncryptable - Converting PropertySource servletConfigInitParams [org.springframework.core.env.PropertySource$StubPropertySource] to EncryptablePropertySourceWrapper
06-10-2019 15:15:47.917 [main] INFO  c.u.j.EncryptablePropertySourceConverter.makeEncryptable - Converting PropertySource servletContextInitParams [org.springframework.core.env.PropertySource$StubPropertySource] to EncryptablePropertySourceWrapper
06-10-2019 15:15:47.918 [main] INFO  c.u.j.EncryptablePropertySourceConverter.makeEncryptable - Converting PropertySource systemProperties [org.springframework.core.env.PropertiesPropertySource] to EncryptableMapPropertySourceWrapper
06-10-2019 15:15:47.918 [main] INFO  c.u.j.EncryptablePropertySourceConverter.makeEncryptable - Converting PropertySource systemEnvironment [org.springframework.boot.env.SystemEnvironmentPropertySourceEnvironmentPostProcessor$OriginAwareSystemEnvironmentPropertySource] to EncryptableMapPropertySourceWrapper
06-10-2019 15:15:47.919 [main] INFO  c.u.j.EncryptablePropertySourceConverter.makeEncryptable - Converting PropertySource random [org.springframework.boot.env.RandomValuePropertySource] to EncryptablePropertySourceWrapper
06-10-2019 15:15:47.919 [main] INFO  c.u.j.EncryptablePropertySourceConverter.makeEncryptable - Converting PropertySource applicationConfig: [classpath:/application.yml] (document #1) [org.springframework.boot.env.OriginTrackedMapPropertySource] to EncryptableMapPropertySourceWrapper
06-10-2019 15:15:47.919 [main] INFO  c.u.j.EncryptablePropertySourceConverter.makeEncryptable - Converting PropertySource applicationConfig: [classpath:/application.yml] (document #3) [org.springframework.boot.env.OriginTrackedMapPropertySource] to EncryptableMapPropertySourceWrapper
06-10-2019 15:15:47.919 [main] INFO  c.u.j.EncryptablePropertySourceConverter.makeEncryptable - Converting PropertySource applicationConfig: [classpath:/application.yml] (document #0) [org.springframework.boot.env.OriginTrackedMapPropertySource] to EncryptableMapPropertySourceWrapper
06-10-2019 15:15:48.080 [main] INFO  c.u.j.f.DefaultLazyPropertyFilter.lambda$null$2 - Property Filter custom Bean not found with name 'encryptablePropertyFilter'. Initializing Default Property Filter
06-10-2019 15:15:48.166 [main] INFO  o.s.c.s.PostProcessorRegistrationDelegate$BeanPostProcessorChecker.postProcessAfterInitialization - Bean 'org.apache.camel.spring.boot.CamelAutoConfiguration' of type [org.apache.camel.spring.boot.CamelAutoConfiguration$$EnhancerBySpringCGLIB$$f8074519] is not eligible for getting processed by all BeanPostProcessors (for example: not eligible for auto-proxying)
06-10-2019 15:15:48.196 [main] INFO  o.s.c.s.PostProcessorRegistrationDelegate$BeanPostProcessorChecker.postProcessAfterInitialization - Bean 'org.springframework.transaction.annotation.ProxyTransactionManagementConfiguration' of type [org.springframework.transaction.annotation.ProxyTransactionManagementConfiguration$$EnhancerBySpringCGLIB$$d5dd7efa] is not eligible for getting processed by all BeanPostProcessors (for example: not eligible for auto-proxying)
06-10-2019 15:15:49.202 [main] INFO  o.s.b.w.e.tomcat.TomcatWebServer.initialize - Tomcat initialized with port(s): 8080 (http)
06-10-2019 15:15:49.244 [main] INFO  o.a.coyote.http11.Http11NioProtocol.log - Initializing ProtocolHandler ["http-nio-8080"]
06-10-2019 15:15:49.298 [main] INFO  o.a.catalina.core.StandardService.log - Starting service [Tomcat]
06-10-2019 15:15:49.301 [main] INFO  o.a.catalina.core.StandardEngine.log - Starting Servlet engine: [Apache Tomcat/9.0.21]
06-10-2019 15:15:49.621 [main] INFO  o.a.c.c.C.[Tomcat].[localhost].[/].log - Initializing Spring embedded WebApplicationContext
06-10-2019 15:15:49.625 [main] INFO  o.s.web.context.ContextLoader.prepareWebApplicationContext - Root WebApplicationContext: initialization completed in 6537 ms
06-10-2019 15:15:50.734 [main] INFO  o.a.c.i.c.DefaultTypeConverter.doStart - Type converters loaded (core: 195, classpath: 10)
06-10-2019 15:15:51.107 [main] INFO  c.u.j.r.DefaultLazyPropertyResolver.lambda$null$2 - Property Resolver custom Bean not found with name 'encryptablePropertyResolver'. Initializing Default Property Resolver
06-10-2019 15:15:51.113 [main] INFO  c.u.j.d.DefaultLazyPropertyDetector.lambda$null$2 - Property Detector custom Bean not found with name 'encryptablePropertyDetector'. Initializing Default Property Detector
06-10-2019 15:15:51.217 [main] INFO  c.u.j.encryptor.DefaultLazyEncryptor.lambda$null$2 - String Encryptor custom Bean not found with name 'jasyptStringEncryptor'. Initializing Default String Encryptor
06-10-2019 15:15:51.236 [main] INFO  c.u.j.encryptor.DefaultLazyEncryptor.getProperty - Encryptor config not found for property jasypt.encryptor.algorithm, using default value: PBEWithMD5AndDES
06-10-2019 15:15:51.239 [main] INFO  c.u.j.encryptor.DefaultLazyEncryptor.getProperty - Encryptor config not found for property jasypt.encryptor.keyObtentionIterations, using default value: 1000
06-10-2019 15:15:51.240 [main] INFO  c.u.j.encryptor.DefaultLazyEncryptor.getProperty - Encryptor config not found for property jasypt.encryptor.poolSize, using default value: 1
06-10-2019 15:15:51.241 [main] INFO  c.u.j.encryptor.DefaultLazyEncryptor.getProperty - Encryptor config not found for property jasypt.encryptor.providerName, using default value: null
06-10-2019 15:15:51.242 [main] INFO  c.u.j.encryptor.DefaultLazyEncryptor.getProperty - Encryptor config not found for property jasypt.encryptor.providerClassName, using default value: null
06-10-2019 15:15:51.244 [main] INFO  c.u.j.encryptor.DefaultLazyEncryptor.getProperty - Encryptor config not found for property jasypt.encryptor.saltGeneratorClassname, using default value: org.jasypt.salt.RandomSaltGenerator
06-10-2019 15:15:51.248 [main] INFO  c.u.j.encryptor.DefaultLazyEncryptor.getProperty - Encryptor config not found for property jasypt.encryptor.ivGeneratorClassname, using default value: org.jasypt.salt.NoOpIVGenerator
06-10-2019 15:15:51.250 [main] INFO  c.u.j.encryptor.DefaultLazyEncryptor.getProperty - Encryptor config not found for property jasypt.encryptor.stringOutputType, using default value: base64
06-10-2019 15:15:52.955 [main] INFO  o.s.s.c.ThreadPoolTaskExecutor.initialize - Initializing ExecutorService 'applicationTaskExecutor'
06-10-2019 15:15:54.823 [main] INFO  o.s.b.a.e.web.EndpointLinksResolver.<init> - Exposing 2 endpoint(s) beneath base path '/actuator'
06-10-2019 15:15:55.153 [main] INFO  c.l.l.route.KafkaRoute.configure - Starting the Camel Route
06-10-2019 15:15:55.173 [main] INFO  c.l.l.route.KafkaRoute.configure - Ending the Camel Route
06-10-2019 15:15:55.174 [main] INFO  c.l.l.route.SimpleCamelRoute.configure - Starting the Camel Route
06-10-2019 15:15:55.244 [main] INFO  c.l.l.route.SimpleCamelRoute.configure - Ending the Camel Route
06-10-2019 15:15:55.244 [main] INFO  o.a.c.spring.boot.RoutesCollector.loadXmlRoutes - Loading additional Camel XML routes from: classpath:camel/*.xml
06-10-2019 15:15:55.245 [main] INFO  o.a.c.spring.boot.RoutesCollector.loadXmlRests - Loading additional Camel XML rests from: classpath:camel-rest/*.xml
06-10-2019 15:15:55.253 [main] INFO  o.a.camel.spring.SpringCamelContext.start - Apache Camel 2.24.0 (CamelContext: camel-1) is starting
06-10-2019 15:15:55.259 [main] INFO  o.a.c.m.ManagedManagementStrategy.doStart - JMX is enabled
06-10-2019 15:15:56.350 [main] INFO  o.a.camel.spring.SpringCamelContext.doStartCamel - StreamCaching is not in use. If using streams then its recommended to enable stream caching. See more details at http://camel.apache.org/stream-caching.html
06-10-2019 15:15:56.688 [main] INFO  o.a.k.c.producer.ProducerConfig.logAll - ProducerConfig values: 
	acks = 1
	batch.size = 16384
	bootstrap.servers = [localhost:9092]
	buffer.memory = 33554432
	client.id = 
	compression.type = none
	connections.max.idle.ms = 540000
	enable.idempotence = false
	interceptor.classes = []
	key.serializer = class org.apache.kafka.common.serialization.StringSerializer
	linger.ms = 0
	max.block.ms = 60000
	max.in.flight.requests.per.connection = 5
	max.request.size = 1048576
	metadata.max.age.ms = 300000
	metric.reporters = []
	metrics.num.samples = 2
	metrics.recording.level = INFO
	metrics.sample.window.ms = 30000
	partitioner.class = class org.apache.kafka.clients.producer.internals.DefaultPartitioner
	receive.buffer.bytes = 65536
	reconnect.backoff.max.ms = 1000
	reconnect.backoff.ms = 50
	request.timeout.ms = 305000
	retries = 0
	retry.backoff.ms = 100
	sasl.client.callback.handler.class = null
	sasl.jaas.config = null
	sasl.kerberos.kinit.cmd = /usr/bin/kinit
	sasl.kerberos.min.time.before.relogin = 60000
	sasl.kerberos.service.name = null
	sasl.kerberos.ticket.renew.jitter = 0.05
	sasl.kerberos.ticket.renew.window.factor = 0.8
	sasl.login.callback.handler.class = null
	sasl.login.class = null
	sasl.login.refresh.buffer.seconds = 300
	sasl.login.refresh.min.period.seconds = 60
	sasl.login.refresh.window.factor = 0.8
	sasl.login.refresh.window.jitter = 0.05
	sasl.mechanism = GSSAPI
	security.protocol = PLAINTEXT
	send.buffer.bytes = 131072
	ssl.cipher.suites = null
	ssl.enabled.protocols = [TLSv1.2, TLSv1.1, TLSv1]
	ssl.endpoint.identification.algorithm = https
	ssl.key.password = null
	ssl.keymanager.algorithm = SunX509
	ssl.keystore.location = null
	ssl.keystore.password = null
	ssl.keystore.type = JKS
	ssl.protocol = TLS
	ssl.provider = null
	ssl.secure.random.implementation = null
	ssl.trustmanager.algorithm = PKIX
	ssl.truststore.location = null
	ssl.truststore.password = null
	ssl.truststore.type = JKS
	transaction.timeout.ms = 60000
	transactional.id = null
	value.serializer = class org.apache.kafka.common.serialization.StringSerializer

06-10-2019 15:15:56.858 [main] INFO  o.a.kafka.common.utils.AppInfoParser.<init> - Kafka version : 2.0.1
06-10-2019 15:15:56.859 [main] INFO  o.a.kafka.common.utils.AppInfoParser.<init> - Kafka commitId : fa14705e51bd2ce5
06-10-2019 15:15:56.881 [main] INFO  o.a.camel.spring.SpringCamelContext.doStartOrResumeRouteConsumers - Route: healthRoute started and consuming from: timer://healthRoute?period=10s
06-10-2019 15:15:56.885 [main] INFO  o.a.c.component.kafka.KafkaConsumer.doStart - Starting Kafka consumer on topic: inputItemTopic with breakOnFirstError: false
06-10-2019 15:15:56.935 [main] INFO  o.a.k.c.consumer.ConsumerConfig.logAll - ConsumerConfig values: 
	auto.commit.interval.ms = 5000
	auto.offset.reset = earliest
	bootstrap.servers = [localhost:9092]
	check.crcs = true
	client.id = 
	connections.max.idle.ms = 540000
	default.api.timeout.ms = 60000
	enable.auto.commit = true
	exclude.internal.topics = true
	fetch.max.bytes = 52428800
	fetch.max.wait.ms = 500
	fetch.min.bytes = 1
	group.id = itemDev
	heartbeat.interval.ms = 3000
	interceptor.classes = []
	internal.leave.group.on.close = true
	isolation.level = read_uncommitted
	key.deserializer = class org.apache.kafka.common.serialization.StringDeserializer
	max.partition.fetch.bytes = 1048576
	max.poll.interval.ms = 300000
	max.poll.records = 500
	metadata.max.age.ms = 300000
	metric.reporters = []
	metrics.num.samples = 2
	metrics.recording.level = INFO
	metrics.sample.window.ms = 30000
	partition.assignment.strategy = [org.apache.kafka.clients.consumer.RangeAssignor]
	receive.buffer.bytes = 65536
	reconnect.backoff.max.ms = 1000
	reconnect.backoff.ms = 50
	request.timeout.ms = 40000
	retry.backoff.ms = 100
	sasl.client.callback.handler.class = null
	sasl.jaas.config = null
	sasl.kerberos.kinit.cmd = /usr/bin/kinit
	sasl.kerberos.min.time.before.relogin = 60000
	sasl.kerberos.service.name = null
	sasl.kerberos.ticket.renew.jitter = 0.05
	sasl.kerberos.ticket.renew.window.factor = 0.8
	sasl.login.callback.handler.class = null
	sasl.login.class = null
	sasl.login.refresh.buffer.seconds = 300
	sasl.login.refresh.min.period.seconds = 60
	sasl.login.refresh.window.factor = 0.8
	sasl.login.refresh.window.jitter = 0.05
	sasl.mechanism = GSSAPI
	security.protocol = PLAINTEXT
	send.buffer.bytes = 131072
	session.timeout.ms = 10000
	ssl.cipher.suites = null
	ssl.enabled.protocols = [TLSv1.2, TLSv1.1, TLSv1]
	ssl.endpoint.identification.algorithm = https
	ssl.key.password = null
	ssl.keymanager.algorithm = SunX509
	ssl.keystore.location = null
	ssl.keystore.password = null
	ssl.keystore.type = JKS
	ssl.protocol = TLS
	ssl.provider = null
	ssl.secure.random.implementation = null
	ssl.trustmanager.algorithm = PKIX
	ssl.truststore.location = null
	ssl.truststore.password = null
	ssl.truststore.type = JKS
	value.deserializer = class org.apache.kafka.common.serialization.StringDeserializer

06-10-2019 15:15:57.153 [main] INFO  o.a.kafka.common.utils.AppInfoParser.<init> - Kafka version : 2.0.1
06-10-2019 15:15:57.159 [main] INFO  o.a.kafka.common.utils.AppInfoParser.<init> - Kafka commitId : fa14705e51bd2ce5
06-10-2019 15:15:57.168 [main] INFO  o.a.camel.spring.SpringCamelContext.doStartOrResumeRouteConsumers - Route: route1 started and consuming from: kafka://inputItemTopic?autoOffsetReset=earliest&brokers=localhost%3A9092&consumersCount=1&groupId=itemDev
06-10-2019 15:15:57.170 [Camel (camel-1) thread #1 - KafkaConsumer[inputItemTopic]] INFO  o.a.c.component.kafka.KafkaConsumer.doRun - Subscribing inputItemTopic-Thread 0 to topic inputItemTopic
06-10-2019 15:15:57.181 [main] INFO  o.a.camel.spring.SpringCamelContext.doStartOrResumeRouteConsumers - Route: mainRoute started and consuming from: timer://hello?period=10s
06-10-2019 15:15:57.198 [main] INFO  o.a.camel.spring.SpringCamelContext.start - Total 3 routes, of which 3 are started
06-10-2019 15:15:57.201 [main] INFO  o.a.camel.spring.SpringCamelContext.start - Apache Camel 2.24.0 (CamelContext: camel-1) started in 1.946 seconds
06-10-2019 15:15:57.292 [main] INFO  o.a.coyote.http11.Http11NioProtocol.log - Starting ProtocolHandler ["http-nio-8080"]
06-10-2019 15:15:57.446 [main] INFO  o.s.b.w.e.tomcat.TomcatWebServer.start - Tomcat started on port(s): 8080 (http) with context path ''
06-10-2019 15:15:57.464 [main] INFO  c.l.l.LearnCamelSpringBootApplication.logStarted - Started LearnCamelSpringBootApplication in 17.263 seconds (JVM running for 21.001)
06-10-2019 15:15:57.629 [Camel (camel-1) thread #1 - KafkaConsumer[inputItemTopic]] INFO  org.apache.kafka.clients.Metadata.update - Cluster ID: 0zY7OgIQSKenFMKP6LTd3A
06-10-2019 15:15:57.633 [Camel (camel-1) thread #1 - KafkaConsumer[inputItemTopic]] INFO  o.a.k.c.c.i.AbstractCoordinator.onSuccess - [Consumer clientId=consumer-1, groupId=itemDev] Discovered group coordinator localhost:9092 (id: 2147483647 rack: null)
06-10-2019 15:15:57.639 [Camel (camel-1) thread #1 - KafkaConsumer[inputItemTopic]] INFO  o.a.k.c.c.i.ConsumerCoordinator.onJoinPrepare - [Consumer clientId=consumer-1, groupId=itemDev] Revoking previously assigned partitions []
06-10-2019 15:15:57.640 [Camel (camel-1) thread #1 - KafkaConsumer[inputItemTopic]] INFO  o.a.k.c.c.i.AbstractCoordinator.sendJoinGroupRequest - [Consumer clientId=consumer-1, groupId=itemDev] (Re-)joining group
06-10-2019 15:15:57.680 [Camel (camel-1) thread #1 - KafkaConsumer[inputItemTopic]] INFO  o.a.k.c.c.i.AbstractCoordinator.onSuccess - [Consumer clientId=consumer-1, groupId=itemDev] Successfully joined group with generation 19
06-10-2019 15:15:57.690 [Camel (camel-1) thread #1 - KafkaConsumer[inputItemTopic]] INFO  o.a.k.c.c.i.ConsumerCoordinator.onJoinComplete - [Consumer clientId=consumer-1, groupId=itemDev] Setting newly assigned partitions [inputItemTopic-0, inputItemTopic-1, inputItemTopic-2]
06-10-2019 15:15:57.907 [Camel (camel-1) thread #1 - KafkaConsumer[inputItemTopic]] INFO  route1.log - Read message from Kafka: 12345
06-10-2019 15:15:57.948 [Camel (camel-1) thread #1 - KafkaConsumer[inputItemTopic]] ERROR route1.log - RuntimeException in the route 12345
06-10-2019 15:15:58.606 [Camel (camel-1) thread #3 - timer://hello] INFO  mainRoute.log - Timer Invoked and the body is  DEV Environment
06-10-2019 15:15:58.606 [Camel (camel-1) thread #3 - timer://hello] INFO  mainRoute.log - PollEnrich: non-mock env flow and the body is 
06-10-2019 15:16:01.399 [Camel (camel-1) thread #1 - KafkaConsumer[inputItemTopic]] INFO  c.l.l.alert.MailProcessor.process - Exception Caught in mail processor: 
06-10-2019 15:16:01.848 [http-nio-8080-exec-1] INFO  o.a.c.c.C.[Tomcat].[localhost].[/].log - Initializing Spring DispatcherServlet 'dispatcherServlet'
06-10-2019 15:16:01.848 [http-nio-8080-exec-1] INFO  o.s.web.servlet.DispatcherServlet.initServletBean - Initializing Servlet 'dispatcherServlet'
06-10-2019 15:16:01.870 [http-nio-8080-exec-1] INFO  o.s.web.servlet.DispatcherServlet.initServletBean - Completed initialization in 21 ms
06-10-2019 15:16:01.969 [http-nio-8080-exec-1] INFO  com.zaxxer.hikari.HikariDataSource.getConnection - HikariPool-1 - Starting...
06-10-2019 15:16:02.603 [http-nio-8080-exec-1] INFO  com.zaxxer.hikari.HikariDataSource.getConnection - HikariPool-1 - Start completed.
06-10-2019 15:16:07.815 [kafka-producer-network-thread | producer-1] INFO  org.apache.kafka.clients.Metadata.update - Cluster ID: 0zY7OgIQSKenFMKP6LTd3A
06-10-2019 15:16:07.863 [Camel (camel-1) thread #1 - KafkaConsumer[inputItemTopic]] ERROR o.a.c.processor.DefaultErrorHandler.log - Failed delivery for (MessageId: ID-amy-VirtualBox-1570328150345-0-2 on ExchangeId: ID-amy-VirtualBox-1570328150345-0-1). Exhausted after delivery attempt: 1 caught: com.google.gson.JsonSyntaxException: java.lang.IllegalStateException: Expected BEGIN_OBJECT but was NUMBER at line 1 column 6 path $. Processed by failure processor: FatalFallbackErrorHandler[Pipeline[[Channel[Log(route1)[RuntimeException in the route ${body}]], Channel[choice{when Filter[if: header{header(env)} != mock do: Channel[DelegateSync[com.learncamel.learncamelspringboot.alert.MailProcessor@2573b100]]]}], Channel[sendTo(kafka://errorTopic?brokers=localhost%3A9092)]]]]

Message History
---------------------------------------------------------------------------------------------------------------------------------------
RouteId              ProcessorId          Processor                                                                        Elapsed (ms)
[route1            ] [route1            ] [kafka://inputItemTopic?autoOffsetReset=earliest&brokers=localhost%3A9092&consu] [      9961]
[route1            ] [log3              ] [log                                                                           ] [        20]
[route1            ] [unmarshal1        ] [unmarshal[org.apache.camel.model.DataFormatDefinition@d906cb5]                ] [         0]
[route1            ] [log2              ] [log                                                                           ] [         0]
[route1            ] [choice4           ] [when[{header{header(env)} != mock}]choice[]                                   ] [      9844]
[route1            ] [process3          ] [Processor@0x2573b100                                                          ] [      9830]
[route1            ] [to1               ] [{{kafkaErrorRoute}}                                                           ] [         0]

Stacktrace
---------------------------------------------------------------------------------------------------------------------------------------
com.google.gson.JsonSyntaxException: java.lang.IllegalStateException: Expected BEGIN_OBJECT but was NUMBER at line 1 column 6 path $
	at com.google.gson.internal.bind.ReflectiveTypeAdapterFactory$Adapter.read(ReflectiveTypeAdapterFactory.java:226)
	at com.google.gson.Gson.fromJson(Gson.java:927)
	at com.google.gson.Gson.fromJson(Gson.java:865)
	at org.apache.camel.component.gson.GsonDataFormat.unmarshal(GsonDataFormat.java:145)
	at org.apache.camel.processor.UnmarshalProcessor.process(UnmarshalProcessor.java:69)
	at org.apache.camel.management.InstrumentationProcessor.process(InstrumentationProcessor.java:76)
	at org.apache.camel.processor.RedeliveryErrorHandler.process(RedeliveryErrorHandler.java:548)
	at org.apache.camel.processor.CamelInternalProcessor.process(CamelInternalProcessor.java:201)
	at org.apache.camel.processor.Pipeline.process(Pipeline.java:138)
	at org.apache.camel.processor.Pipeline.process(Pipeline.java:101)
	at org.apache.camel.processor.CamelInternalProcessor.process(CamelInternalProcessor.java:201)
	at org.apache.camel.processor.DelegateAsyncProcessor.process(DelegateAsyncProcessor.java:97)
	at org.apache.camel.component.kafka.KafkaConsumer$KafkaFetchRecords.doRun(KafkaConsumer.java:326)
	at org.apache.camel.component.kafka.KafkaConsumer$KafkaFetchRecords.run(KafkaConsumer.java:215)
	at java.base/java.util.concurrent.Executors$RunnableAdapter.call(Executors.java:515)
	at java.base/java.util.concurrent.FutureTask.run$$$capture(FutureTask.java:264)
	at java.base/java.util.concurrent.FutureTask.run(FutureTask.java)
	at java.base/java.util.concurrent.ThreadPoolExecutor.runWorker(ThreadPoolExecutor.java:1128)
	at java.base/java.util.concurrent.ThreadPoolExecutor$Worker.run(ThreadPoolExecutor.java:628)
	at java.base/java.lang.Thread.run(Thread.java:834)
Caused by: java.lang.IllegalStateException: Expected BEGIN_OBJECT but was NUMBER at line 1 column 6 path $
	at com.google.gson.stream.JsonReader.beginObject(JsonReader.java:385)
	at com.google.gson.internal.bind.ReflectiveTypeAdapterFactory$Adapter.read(ReflectiveTypeAdapterFactory.java:215)
	... 19 common frames omitted
06-10-2019 15:16:07.867 [Camel (camel-1) thread #1 - KafkaConsumer[inputItemTopic]] WARN  o.a.c.component.kafka.KafkaConsumer.log - Error during processing. Exchange[ID-amy-VirtualBox-1570328150345-0-1]. Caused by: [com.google.gson.JsonSyntaxException - java.lang.IllegalStateException: Expected BEGIN_OBJECT but was NUMBER at line 1 column 6 path $]
com.google.gson.JsonSyntaxException: java.lang.IllegalStateException: Expected BEGIN_OBJECT but was NUMBER at line 1 column 6 path $
	at com.google.gson.internal.bind.ReflectiveTypeAdapterFactory$Adapter.read(ReflectiveTypeAdapterFactory.java:226)
	at com.google.gson.Gson.fromJson(Gson.java:927)
	at com.google.gson.Gson.fromJson(Gson.java:865)
	at org.apache.camel.component.gson.GsonDataFormat.unmarshal(GsonDataFormat.java:145)
	at org.apache.camel.processor.UnmarshalProcessor.process(UnmarshalProcessor.java:69)
	at org.apache.camel.management.InstrumentationProcessor.process(InstrumentationProcessor.java:76)
	at org.apache.camel.processor.RedeliveryErrorHandler.process(RedeliveryErrorHandler.java:548)
	at org.apache.camel.processor.CamelInternalProcessor.process(CamelInternalProcessor.java:201)
	at org.apache.camel.processor.Pipeline.process(Pipeline.java:138)
	at org.apache.camel.processor.Pipeline.process(Pipeline.java:101)
	at org.apache.camel.processor.CamelInternalProcessor.process(CamelInternalProcessor.java:201)
	at org.apache.camel.processor.DelegateAsyncProcessor.process(DelegateAsyncProcessor.java:97)
	at org.apache.camel.component.kafka.KafkaConsumer$KafkaFetchRecords.doRun(KafkaConsumer.java:326)
	at org.apache.camel.component.kafka.KafkaConsumer$KafkaFetchRecords.run(KafkaConsumer.java:215)
	at java.base/java.util.concurrent.Executors$RunnableAdapter.call(Executors.java:515)
	at java.base/java.util.concurrent.FutureTask.run$$$capture(FutureTask.java:264)
	at java.base/java.util.concurrent.FutureTask.run(FutureTask.java)
	at java.base/java.util.concurrent.ThreadPoolExecutor.runWorker(ThreadPoolExecutor.java:1128)
	at java.base/java.util.concurrent.ThreadPoolExecutor$Worker.run(ThreadPoolExecutor.java:628)
	at java.base/java.lang.Thread.run(Thread.java:834)
Caused by: java.lang.IllegalStateException: Expected BEGIN_OBJECT but was NUMBER at line 1 column 6 path $
	at com.google.gson.stream.JsonReader.beginObject(JsonReader.java:385)
	at com.google.gson.internal.bind.ReflectiveTypeAdapterFactory$Adapter.read(ReflectiveTypeAdapterFactory.java:215)
	... 19 common frames omitted
06-10-2019 15:16:35.095 [Camel (camel-1) thread #1 - KafkaConsumer[inputItemTopic]] INFO  route1.log - Read message from Kafka: {"transactionType":"ADD", "sku":"100", "itemDescription":"SamsungTV", "price":"500.00"}
06-10-2019 15:16:35.177 [Camel (camel-1) thread #1 - KafkaConsumer[inputItemTopic]] INFO  route1.log - Unmarshalled message is Item(transactionType=ADD, sku=100, itemDescription=SamsungTV, price=500.00)
06-10-2019 15:16:35.178 [Camel (camel-1) thread #1 - KafkaConsumer[inputItemTopic]] INFO  c.l.l.process.ValidateDataProcessor.process - Item in ValidateDataProcessor: Item(transactionType=ADD, sku=100, itemDescription=SamsungTV, price=500.00)
06-10-2019 15:16:35.179 [Camel (camel-1) thread #1 - KafkaConsumer[inputItemTopic]] INFO  c.l.l.process.BuildSqlProcessor.process - Item in Processor is: Item(transactionType=ADD, sku=100, itemDescription=SamsungTV, price=500.00)
06-10-2019 15:16:35.179 [Camel (camel-1) thread #1 - KafkaConsumer[inputItemTopic]] INFO  c.l.l.process.BuildSqlProcessor.process - Query is insert into items (sku, item_description, price) values ('100', 'SamsungTV', 500.00)
06-10-2019 15:16:35.256 [Camel (camel-1) thread #1 - KafkaConsumer[inputItemTopic]] INFO  route1.log - Read item from DB is [{item_i=70, sku=100, item_description=SamsungTV, price=500.00, create_ts=2019-10-06 15:16:35.196333}]
06-10-2019 17:24:43.936 [Camel (camel-1) thread #1 - KafkaConsumer[inputItemTopic]] INFO  o.a.k.clients.FetchSessionHandler.handleResponse - [Consumer clientId=consumer-1, groupId=itemDev] Node 0 was unable to process the fetch request with (sessionId=975006904, epoch=15398): INVALID_FETCH_SESSION_EPOCH.
